This is pdfTeX, Version 3.1415926-2.5-1.40.14 (MiKTeX 2.9 64-bit) (preloaded format=pdflatex 2013.6.28)  4 SEP 2015 18:05
entering extended mode
**M1003_2014_Fall.tex

("C:\Users\UNBSJ\OneDrive\texed\files\courses\Calculus Slides Latex\Math 1003 a
nd 1013\lectures\Math1003-Fall2014\M1003_2014_Fall.tex"
LaTeX2e <2011/06/27>
Babel <v3.8m> and hyphenation patterns for english, afrikaans, ancientgreek, ar
abic, armenian, assamese, basque, bengali, bokmal, bulgarian, catalan, coptic, 
croatian, czech, danish, dutch, esperanto, estonian, farsi, finnish, french, ga
lician, german, german-x-2013-05-26, greek, gujarati, hindi, hungarian, iceland
ic, indonesian, interlingua, irish, italian, kannada, kurmanji, latin, latvian,
 lithuanian, malayalam, marathi, mongolian, mongolianlmc, monogreek, ngerman, n
german-x-2013-05-26, nynorsk, oriya, panjabi, pinyin, polish, portuguese, roman
ian, russian, sanskrit, serbian, slovak, slovenian, spanish, swedish, swissgerm
an, tamil, telugu, turkish, turkmen, ukenglish, ukrainian, uppersorbian, usengl
ishmax, welsh, loaded.
("C:\Program Files\MiKTeX 2.9\tex\latex\beamer\base\beamer.cls"
("C:\Program Files\MiKTeX 2.9\tex\latex\beamer\base\beamerbasercs.sty"
Package: beamerbasercs 2013/01/04 (rcs-revision 9a97a4eee358)
)
Document Class: beamer 2013/01/04 3.26 A class for typesetting presentations (r
cs-revision e81e0c94bcc6)
("C:\Program Files\MiKTeX 2.9\tex\latex\beamer\base\beamerbasemodes.sty"
Package: beamerbasemodes 2012/04/15 (rcs-revision cc6557182d97)
\beamer@tempbox=\box26
\beamer@tempcount=\count79
\c@beamerpauses=\count80

("C:\Program Files\MiKTeX 2.9\tex\latex\beamer\base\beamerbasedecode.sty"
Package: beamerbasedecode 2010/05/01 (rcs-revision efa082c6111d)
\beamer@slideinframe=\count81
\beamer@minimum=\count82
)
\beamer@commentbox=\box27
\beamer@modecount=\count83
)
("C:\Program Files\MiKTeX 2.9\tex\generic\oberdiek\ifpdf.sty"
Package: ifpdf 2011/01/30 v2.3 Provides the ifpdf switch (HO)
Package ifpdf Info: pdfTeX in PDF mode is detected.
)
\headheight=\dimen102
\headdp=\dimen103
\footheight=\dimen104
\sidebarheight=\dimen105
\beamer@tempdim=\dimen106
\beamer@finalheight=\dimen107
\beamer@animht=\dimen108
\beamer@animdp=\dimen109
\beamer@animwd=\dimen110
\beamer@leftmargin=\dimen111
\beamer@rightmargin=\dimen112
\beamer@leftsidebar=\dimen113
\beamer@rightsidebar=\dimen114
\beamer@boxsize=\dimen115
\beamer@vboxoffset=\dimen116
\beamer@descdefault=\dimen117
\beamer@descriptionwidth=\dimen118
\beamer@lastskip=\skip41
\beamer@areabox=\box28
\beamer@animcurrent=\box29
\beamer@animshowbox=\box30
\beamer@sectionbox=\box31
\beamer@logobox=\box32
\beamer@linebox=\box33
\beamer@sectioncount=\count84
\beamer@subsubsectionmax=\count85
\beamer@subsectionmax=\count86
\beamer@sectionmax=\count87
\beamer@totalheads=\count88
\beamer@headcounter=\count89
\beamer@partstartpage=\count90
\beamer@sectionstartpage=\count91
\beamer@subsectionstartpage=\count92
\beamer@animationtempa=\count93
\beamer@animationtempb=\count94
\beamer@xpos=\count95
\beamer@ypos=\count96
\beamer@showpartnumber=\count97
\beamer@currentsubsection=\count98
\beamer@coveringdepth=\count99
\beamer@sectionadjust=\count100
\beamer@tocsectionnumber=\count101

("C:\Program Files\MiKTeX 2.9\tex\latex\beamer\base\beamerbaseoptions.sty"
Package: beamerbaseoptions 2010/04/27 (rcs-revision 982469101dd6)

("C:\Program Files\MiKTeX 2.9\tex\latex\graphics\keyval.sty"
Package: keyval 1999/03/16 v1.13 key=value parser (DPC)
\KV@toks@=\toks14
))
\beamer@paperwidth=\skip42
\beamer@paperheight=\skip43

("C:\Program Files\MiKTeX 2.9\tex\latex\geometry\geometry.sty"
Package: geometry 2010/09/12 v5.6 Page Geometry

("C:\Program Files\MiKTeX 2.9\tex\generic\oberdiek\ifvtex.sty"
Package: ifvtex 2010/03/01 v1.5 Detect VTeX and its facilities (HO)
Package ifvtex Info: VTeX not detected.
)
("C:\Program Files\MiKTeX 2.9\tex\generic\ifxetex\ifxetex.sty"
Package: ifxetex 2010/09/12 v0.6 Provides ifxetex conditional
)
\Gm@cnth=\count102
\Gm@cntv=\count103
\c@Gm@tempcnt=\count104
\Gm@bindingoffset=\dimen119
\Gm@wd@mp=\dimen120
\Gm@odd@mp=\dimen121
\Gm@even@mp=\dimen122
\Gm@layoutwidth=\dimen123
\Gm@layoutheight=\dimen124
\Gm@layouthoffset=\dimen125
\Gm@layoutvoffset=\dimen126
\Gm@dimlist=\toks15

("C:\Program Files\MiKTeX 2.9\tex\latex\geometry\geometry.cfg"))
("C:\Program Files\MiKTeX 2.9\tex\latex\base\size10.clo"
File: size10.clo 2007/10/19 v1.4h Standard LaTeX file (size option)
)
(C:\Users\UNBSJ\AppData\Roaming\MiKTeX\2.9\tex\latex\pgf\basiclayer\pgfcore.sty
("C:\Program Files\MiKTeX 2.9\tex\latex\graphics\graphicx.sty"
Package: graphicx 1999/02/16 v1.0f Enhanced LaTeX Graphics (DPC,SPQR)

("C:\Program Files\MiKTeX 2.9\tex\latex\graphics\graphics.sty"
Package: graphics 2009/02/05 v1.0o Standard LaTeX Graphics (DPC,SPQR)

("C:\Program Files\MiKTeX 2.9\tex\latex\graphics\trig.sty"
Package: trig 1999/03/16 v1.09 sin cos tan (DPC)
)
("C:\Program Files\MiKTeX 2.9\tex\latex\00miktex\graphics.cfg"
File: graphics.cfg 2007/01/18 v1.5 graphics configuration of teTeX/TeXLive
)
Package graphics Info: Driver file: pdftex.def on input line 91.

("C:\Program Files\MiKTeX 2.9\tex\latex\pdftex-def\pdftex.def"
File: pdftex.def 2011/05/27 v0.06d Graphics/color for pdfTeX

("C:\Program Files\MiKTeX 2.9\tex\generic\oberdiek\infwarerr.sty"
Package: infwarerr 2010/04/08 v1.3 Providing info/warning/error messages (HO)
)
("C:\Program Files\MiKTeX 2.9\tex\generic\oberdiek\ltxcmds.sty"
Package: ltxcmds 2011/11/09 v1.22 LaTeX kernel commands for general use (HO)
)
\Gread@gobject=\count105
))
\Gin@req@height=\dimen127
\Gin@req@width=\dimen128
)
(C:\Users\UNBSJ\AppData\Roaming\MiKTeX\2.9\tex\latex\pgf\systemlayer\pgfsys.sty
(C:\Users\UNBSJ\AppData\Roaming\MiKTeX\2.9\tex\latex\pgf\utilities\pgfrcs.sty
(C:\Users\UNBSJ\AppData\Roaming\MiKTeX\2.9\tex\generic\pgf\utilities\pgfutil-co
mmon.tex
\pgfutil@everybye=\toks16
)
(C:\Users\UNBSJ\AppData\Roaming\MiKTeX\2.9\tex\generic\pgf\utilities\pgfutil-la
tex.def
\pgfutil@abb=\box34
 (C:\Users\UNBSJ\AppData\Roaming\MiKTeX\2.9\tex\latex\ms\everyshi.sty
Package: everyshi 2001/05/15 v3.00 EveryShipout Package (MS)
))
(C:\Users\UNBSJ\AppData\Roaming\MiKTeX\2.9\tex\generic\pgf\utilities\pgfrcs.cod
e.tex
Package: pgfrcs 2010/10/25 v2.10 (rcs-revision 1.24)
))
(C:\Users\UNBSJ\AppData\Roaming\MiKTeX\2.9\tex\generic\pgf\systemlayer\pgfsys.c
ode.tex
Package: pgfsys 2010/06/30 v2.10 (rcs-revision 1.37)

(C:\Users\UNBSJ\AppData\Roaming\MiKTeX\2.9\tex\generic\pgf\utilities\pgfkeys.co
de.tex
\pgfkeys@pathtoks=\toks17
\pgfkeys@temptoks=\toks18

(C:\Users\UNBSJ\AppData\Roaming\MiKTeX\2.9\tex\generic\pgf\utilities\pgfkeysfil
tered.code.tex
\pgfkeys@tmptoks=\toks19
))
\pgf@x=\dimen129
\pgf@y=\dimen130
\pgf@xa=\dimen131
\pgf@ya=\dimen132
\pgf@xb=\dimen133
\pgf@yb=\dimen134
\pgf@xc=\dimen135
\pgf@yc=\dimen136
\w@pgf@writea=\write3
\r@pgf@reada=\read1
\c@pgf@counta=\count106
\c@pgf@countb=\count107
\c@pgf@countc=\count108
\c@pgf@countd=\count109

(C:\Users\UNBSJ\AppData\Roaming\MiKTeX\2.9\tex\generic\pgf\systemlayer\pgf.cfg
File: pgf.cfg 2008/05/14  (rcs-revision 1.7)
)
Package pgfsys Info: Driver file for pgf: pgfsys-pdftex.def on input line 900.

(C:\Users\UNBSJ\AppData\Roaming\MiKTeX\2.9\tex\generic\pgf\systemlayer\pgfsys-p
dftex.def
File: pgfsys-pdftex.def 2009/05/22  (rcs-revision 1.26)

(C:\Users\UNBSJ\AppData\Roaming\MiKTeX\2.9\tex\generic\pgf\systemlayer\pgfsys-c
ommon-pdf.def
File: pgfsys-common-pdf.def 2008/05/19  (rcs-revision 1.10)
)))
(C:\Users\UNBSJ\AppData\Roaming\MiKTeX\2.9\tex\generic\pgf\systemlayer\pgfsysso
ftpath.code.tex
File: pgfsyssoftpath.code.tex 2008/07/18  (rcs-revision 1.7)
\pgfsyssoftpath@smallbuffer@items=\count110
\pgfsyssoftpath@bigbuffer@items=\count111
)
(C:\Users\UNBSJ\AppData\Roaming\MiKTeX\2.9\tex\generic\pgf\systemlayer\pgfsyspr
otocol.code.tex
File: pgfsysprotocol.code.tex 2006/10/16  (rcs-revision 1.4)
))
(C:\Users\UNBSJ\AppData\Roaming\MiKTeX\2.9\tex\latex\xcolor\xcolor.sty
Package: xcolor 2007/01/21 v2.11 LaTeX color extensions (UK)

("C:\Program Files\MiKTeX 2.9\tex\latex\00miktex\color.cfg"
File: color.cfg 2007/01/18 v1.5 color configuration of teTeX/TeXLive
)
Package xcolor Info: Driver file: pdftex.def on input line 225.
Package xcolor Info: Model `cmy' substituted by `cmy0' on input line 1337.
Package xcolor Info: Model `hsb' substituted by `rgb' on input line 1341.
Package xcolor Info: Model `RGB' extended on input line 1353.
Package xcolor Info: Model `HTML' substituted by `rgb' on input line 1355.
Package xcolor Info: Model `Hsb' substituted by `hsb' on input line 1356.
Package xcolor Info: Model `tHsb' substituted by `hsb' on input line 1357.
Package xcolor Info: Model `HSB' substituted by `hsb' on input line 1358.
Package xcolor Info: Model `Gray' substituted by `gray' on input line 1359.
Package xcolor Info: Model `wave' substituted by `hsb' on input line 1360.
)
(C:\Users\UNBSJ\AppData\Roaming\MiKTeX\2.9\tex\generic\pgf\basiclayer\pgfcore.c
ode.tex
Package: pgfcore 2010/04/11 v2.10 (rcs-revision 1.7)

(C:\Users\UNBSJ\AppData\Roaming\MiKTeX\2.9\tex\generic\pgf\math\pgfmath.code.te
x
(C:\Users\UNBSJ\AppData\Roaming\MiKTeX\2.9\tex\generic\pgf\math\pgfmathcalc.cod
e.tex
(C:\Users\UNBSJ\AppData\Roaming\MiKTeX\2.9\tex\generic\pgf\math\pgfmathutil.cod
e.tex)
(C:\Users\UNBSJ\AppData\Roaming\MiKTeX\2.9\tex\generic\pgf\math\pgfmathparser.c
ode.tex
\pgfmath@dimen=\dimen137
\pgfmath@count=\count112
\pgfmath@box=\box35
\pgfmath@toks=\toks20
\pgfmath@stack@operand=\toks21
\pgfmath@stack@operation=\toks22
)
(C:\Users\UNBSJ\AppData\Roaming\MiKTeX\2.9\tex\generic\pgf\math\pgfmathfunction
s.code.tex
(C:\Users\UNBSJ\AppData\Roaming\MiKTeX\2.9\tex\generic\pgf\math\pgfmathfunction
s.basic.code.tex)
(C:\Users\UNBSJ\AppData\Roaming\MiKTeX\2.9\tex\generic\pgf\math\pgfmathfunction
s.trigonometric.code.tex)
(C:\Users\UNBSJ\AppData\Roaming\MiKTeX\2.9\tex\generic\pgf\math\pgfmathfunction
s.random.code.tex)
(C:\Users\UNBSJ\AppData\Roaming\MiKTeX\2.9\tex\generic\pgf\math\pgfmathfunction
s.comparison.code.tex)
(C:\Users\UNBSJ\AppData\Roaming\MiKTeX\2.9\tex\generic\pgf\math\pgfmathfunction
s.base.code.tex)
(C:\Users\UNBSJ\AppData\Roaming\MiKTeX\2.9\tex\generic\pgf\math\pgfmathfunction
s.round.code.tex)
(C:\Users\UNBSJ\AppData\Roaming\MiKTeX\2.9\tex\generic\pgf\math\pgfmathfunction
s.misc.code.tex)))
(C:\Users\UNBSJ\AppData\Roaming\MiKTeX\2.9\tex\generic\pgf\math\pgfmathfloat.co
de.tex
\c@pgfmathroundto@lastzeros=\count113
))
(C:\Users\UNBSJ\AppData\Roaming\MiKTeX\2.9\tex\generic\pgf\basiclayer\pgfcorepo
ints.code.tex
File: pgfcorepoints.code.tex 2010/04/09  (rcs-revision 1.20)
\pgf@picminx=\dimen138
\pgf@picmaxx=\dimen139
\pgf@picminy=\dimen140
\pgf@picmaxy=\dimen141
\pgf@pathminx=\dimen142
\pgf@pathmaxx=\dimen143
\pgf@pathminy=\dimen144
\pgf@pathmaxy=\dimen145
\pgf@xx=\dimen146
\pgf@xy=\dimen147
\pgf@yx=\dimen148
\pgf@yy=\dimen149
\pgf@zx=\dimen150
\pgf@zy=\dimen151
)
(C:\Users\UNBSJ\AppData\Roaming\MiKTeX\2.9\tex\generic\pgf\basiclayer\pgfcorepa
thconstruct.code.tex
File: pgfcorepathconstruct.code.tex 2010/08/03  (rcs-revision 1.24)
\pgf@path@lastx=\dimen152
\pgf@path@lasty=\dimen153
)
(C:\Users\UNBSJ\AppData\Roaming\MiKTeX\2.9\tex\generic\pgf\basiclayer\pgfcorepa
thusage.code.tex
File: pgfcorepathusage.code.tex 2008/04/22  (rcs-revision 1.12)
\pgf@shorten@end@additional=\dimen154
\pgf@shorten@start@additional=\dimen155
)
(C:\Users\UNBSJ\AppData\Roaming\MiKTeX\2.9\tex\generic\pgf\basiclayer\pgfcoresc
opes.code.tex
File: pgfcorescopes.code.tex 2010/09/08  (rcs-revision 1.34)
\pgfpic=\box36
\pgf@hbox=\box37
\pgf@layerbox@main=\box38
\pgf@picture@serial@count=\count114
)
(C:\Users\UNBSJ\AppData\Roaming\MiKTeX\2.9\tex\generic\pgf\basiclayer\pgfcoregr
aphicstate.code.tex
File: pgfcoregraphicstate.code.tex 2008/04/22  (rcs-revision 1.9)
\pgflinewidth=\dimen156
)
(C:\Users\UNBSJ\AppData\Roaming\MiKTeX\2.9\tex\generic\pgf\basiclayer\pgfcoretr
ansformations.code.tex
File: pgfcoretransformations.code.tex 2009/06/10  (rcs-revision 1.11)
\pgf@pt@x=\dimen157
\pgf@pt@y=\dimen158
\pgf@pt@temp=\dimen159
)
(C:\Users\UNBSJ\AppData\Roaming\MiKTeX\2.9\tex\generic\pgf\basiclayer\pgfcorequ
ick.code.tex
File: pgfcorequick.code.tex 2008/10/09  (rcs-revision 1.3)
)
(C:\Users\UNBSJ\AppData\Roaming\MiKTeX\2.9\tex\generic\pgf\basiclayer\pgfcoreob
jects.code.tex
File: pgfcoreobjects.code.tex 2006/10/11  (rcs-revision 1.2)
)
(C:\Users\UNBSJ\AppData\Roaming\MiKTeX\2.9\tex\generic\pgf\basiclayer\pgfcorepa
thprocessing.code.tex
File: pgfcorepathprocessing.code.tex 2008/10/09  (rcs-revision 1.8)
)
(C:\Users\UNBSJ\AppData\Roaming\MiKTeX\2.9\tex\generic\pgf\basiclayer\pgfcorear
rows.code.tex
File: pgfcorearrows.code.tex 2008/04/23  (rcs-revision 1.11)
)
(C:\Users\UNBSJ\AppData\Roaming\MiKTeX\2.9\tex\generic\pgf\basiclayer\pgfcoresh
ade.code.tex
File: pgfcoreshade.code.tex 2008/11/23  (rcs-revision 1.13)
\pgf@max=\dimen160
\pgf@sys@shading@range@num=\count115
)
(C:\Users\UNBSJ\AppData\Roaming\MiKTeX\2.9\tex\generic\pgf\basiclayer\pgfcoreim
age.code.tex
File: pgfcoreimage.code.tex 2010/03/25  (rcs-revision 1.16)

(C:\Users\UNBSJ\AppData\Roaming\MiKTeX\2.9\tex\generic\pgf\basiclayer\pgfcoreex
ternal.code.tex
File: pgfcoreexternal.code.tex 2010/09/01  (rcs-revision 1.17)
\pgfexternal@startupbox=\box39
))
(C:\Users\UNBSJ\AppData\Roaming\MiKTeX\2.9\tex\generic\pgf\basiclayer\pgfcorela
yers.code.tex
File: pgfcorelayers.code.tex 2010/08/27  (rcs-revision 1.2)
)
(C:\Users\UNBSJ\AppData\Roaming\MiKTeX\2.9\tex\generic\pgf\basiclayer\pgfcoretr
ansparency.code.tex
File: pgfcoretransparency.code.tex 2008/01/17  (rcs-revision 1.2)
)
(C:\Users\UNBSJ\AppData\Roaming\MiKTeX\2.9\tex\generic\pgf\basiclayer\pgfcorepa
tterns.code.tex
File: pgfcorepatterns.code.tex 2009/07/02  (rcs-revision 1.3)
)))
(C:\Users\UNBSJ\AppData\Roaming\MiKTeX\2.9\tex\latex\pgf\utilities\xxcolor.sty
Package: xxcolor 2003/10/24 ver 0.1
\XC@nummixins=\count116
\XC@countmixins=\count117
) ("C:\Program Files\MiKTeX 2.9\tex\latex\hyperref\hyperref.sty"
Package: hyperref 2012/11/06 v6.83m Hypertext links for LaTeX

("C:\Program Files\MiKTeX 2.9\tex\generic\oberdiek\hobsub-hyperref.sty"
Package: hobsub-hyperref 2012/04/25 v1.12 Bundle oberdiek, subset hyperref (HO)


("C:\Program Files\MiKTeX 2.9\tex\generic\oberdiek\hobsub-generic.sty"
Package: hobsub-generic 2012/04/25 v1.12 Bundle oberdiek, subset generic (HO)
Package: hobsub 2012/04/25 v1.12 Construct package bundles (HO)
Package hobsub Info: Skipping package `infwarerr' (already loaded).
Package hobsub Info: Skipping package `ltxcmds' (already loaded).
Package: ifluatex 2010/03/01 v1.3 Provides the ifluatex switch (HO)
Package ifluatex Info: LuaTeX not detected.
Package hobsub Info: Skipping package `ifvtex' (already loaded).
Package: intcalc 2007/09/27 v1.1 Expandable calculations with integers (HO)
Package hobsub Info: Skipping package `ifpdf' (already loaded).
Package: etexcmds 2011/02/16 v1.5 Avoid name clashes with e-TeX commands (HO)
Package etexcmds Info: Could not find \expanded.
(etexcmds)             That can mean that you are not using pdfTeX 1.50 or
(etexcmds)             that some package has redefined \expanded.
(etexcmds)             In the latter case, load this package earlier.
Package: kvsetkeys 2012/04/25 v1.16 Key value parser (HO)
Package: kvdefinekeys 2011/04/07 v1.3 Define keys (HO)
Package: pdftexcmds 2011/11/29 v0.20 Utility functions of pdfTeX for LuaTeX (HO
)
Package pdftexcmds Info: LuaTeX not detected.
Package pdftexcmds Info: \pdf@primitive is available.
Package pdftexcmds Info: \pdf@ifprimitive is available.
Package pdftexcmds Info: \pdfdraftmode found.
Package: pdfescape 2011/11/25 v1.13 Implements pdfTeX's escape features (HO)
Package: bigintcalc 2012/04/08 v1.3 Expandable calculations on big integers (HO
)
Package: bitset 2011/01/30 v1.1 Handle bit-vector datatype (HO)
Package: uniquecounter 2011/01/30 v1.2 Provide unlimited unique counter (HO)
)
Package hobsub Info: Skipping package `hobsub' (already loaded).
Package: letltxmacro 2010/09/02 v1.4 Let assignment for LaTeX macros (HO)
Package: hopatch 2011/06/24 v1.1 Wrapper for package hooks (HO)
Package: xcolor-patch 2011/01/30 xcolor patch
Package: atveryend 2011/06/30 v1.8 Hooks at the very end of document (HO)
Package atveryend Info: \enddocument detected (standard20110627).
Package: atbegshi 2011/10/05 v1.16 At begin shipout hook (HO)
Package: refcount 2011/10/16 v3.4 Data extraction from label references (HO)
Package: hycolor 2011/01/30 v1.7 Color options for hyperref/bookmark (HO)
)
("C:\Program Files\MiKTeX 2.9\tex\latex\oberdiek\auxhook.sty"
Package: auxhook 2011/03/04 v1.3 Hooks for auxiliary files (HO)
)
("C:\Program Files\MiKTeX 2.9\tex\latex\oberdiek\kvoptions.sty"
Package: kvoptions 2011/06/30 v3.11 Key value format for package options (HO)
)
\@linkdim=\dimen161
\Hy@linkcounter=\count118
\Hy@pagecounter=\count119

("C:\Program Files\MiKTeX 2.9\tex\latex\hyperref\pd1enc.def"
File: pd1enc.def 2012/11/06 v6.83m Hyperref: PDFDocEncoding definition (HO)
)
\Hy@SavedSpaceFactor=\count120

("C:\Program Files\MiKTeX 2.9\tex\latex\00miktex\hyperref.cfg"
File: hyperref.cfg 2002/06/06 v1.2 hyperref configuration of TeXLive
)
Package hyperref Info: Option `bookmarks' set `true' on input line 4319.
Package hyperref Info: Option `bookmarksopen' set `true' on input line 4319.
Package hyperref Info: Option `implicit' set `false' on input line 4319.
Package hyperref Info: Hyper figures OFF on input line 4443.
Package hyperref Info: Link nesting OFF on input line 4448.
Package hyperref Info: Hyper index ON on input line 4451.
Package hyperref Info: Plain pages OFF on input line 4458.
Package hyperref Info: Backreferencing OFF on input line 4463.
Package hyperref Info: Implicit mode OFF; no redefinition of LaTeX internals.
Package hyperref Info: Bookmarks ON on input line 4688.
\c@Hy@tempcnt=\count121

(C:\Users\UNBSJ\AppData\Roaming\MiKTeX\2.9\tex\latex\url\url.sty
\Urlmuskip=\muskip10
Package: url 2006/04/12  ver 3.3  Verb mode for urls, etc.
)
LaTeX Info: Redefining \url on input line 5041.
\XeTeXLinkMargin=\dimen162
\Fld@menulength=\count122
\Field@Width=\dimen163
\Fld@charsize=\dimen164
Package hyperref Info: Hyper figures OFF on input line 6295.
Package hyperref Info: Link nesting OFF on input line 6300.
Package hyperref Info: Hyper index ON on input line 6303.
Package hyperref Info: backreferencing OFF on input line 6310.
Package hyperref Info: Link coloring OFF on input line 6315.
Package hyperref Info: Link coloring with OCG OFF on input line 6320.
Package hyperref Info: PDF/A mode OFF on input line 6325.
LaTeX Info: Redefining \ref on input line 6365.
LaTeX Info: Redefining \pageref on input line 6369.
\Hy@abspage=\count123


Package hyperref Message: Stopped early.

)

Package hyperref Message: Driver (autodetected): hpdftex.

("C:\Program Files\MiKTeX 2.9\tex\latex\hyperref\hpdftex.def"
File: hpdftex.def 2012/11/06 v6.83m Hyperref driver for pdfTeX
\Fld@listcount=\count124
\c@bookmark@seq@number=\count125

("C:\Program Files\MiKTeX 2.9\tex\latex\oberdiek\rerunfilecheck.sty"
Package: rerunfilecheck 2011/04/15 v1.7 Rerun checks for auxiliary files (HO)
Package uniquecounter Info: New unique counter `rerunfilecheck' on input line 2
82.
))
("C:\Program Files\MiKTeX 2.9\tex\latex\beamer\base\beamerbaserequires.sty"
Package: beamerbaserequires 2010/05/01  (rcs-revision efa082c6111d)

("C:\Program Files\MiKTeX 2.9\tex\latex\beamer\base\beamerbasecompatibility.sty
"
Package: beamerbasecompatibility 2012/05/01  (rcs-revision 67c48b3b652d)
) ("C:\Program Files\MiKTeX 2.9\tex\latex\beamer\base\beamerbasefont.sty"
Package: beamerbasefont 2012/09/19  (rcs-revision 733629cd0c6c)

("C:\Program Files\MiKTeX 2.9\tex\latex\amsfonts\amssymb.sty"
Package: amssymb 2013/01/14 v3.01 AMS font symbols

("C:\Program Files\MiKTeX 2.9\tex\latex\amsfonts\amsfonts.sty"
Package: amsfonts 2013/01/14 v3.01 Basic AMSFonts support
\@emptytoks=\toks23
\symAMSa=\mathgroup4
\symAMSb=\mathgroup5
LaTeX Font Info:    Overwriting math alphabet `\mathfrak' in version `bold'
(Font)                  U/euf/m/n --> U/euf/b/n on input line 106.
)))
("C:\Program Files\MiKTeX 2.9\tex\latex\beamer\base\beamerbasetranslator.sty"
Package: beamerbasetranslator 2010/06/11  (rcs-revision 85fd1cc7fc42)

("C:\Program Files\MiKTeX 2.9\tex\latex\beamer\base\translator\translator.sty"
Package: translator 2010/06/12 ver 1.10

("C:\Program Files\MiKTeX 2.9\tex\latex\beamer\base\translator\translator-langu
age-mappings.tex")))
("C:\Program Files\MiKTeX 2.9\tex\latex\beamer\base\beamerbasemisc.sty"
Package: beamerbasemisc 2012/02/24  (rcs-revision 2ff5461be705)
)
("C:\Program Files\MiKTeX 2.9\tex\latex\beamer\base\beamerbasetwoscreens.sty"
Package: beamerbasetwoscreens 2010/05/01  (rcs-revision efa082c6111d)
)
("C:\Program Files\MiKTeX 2.9\tex\latex\beamer\base\beamerbaseoverlay.sty"
Package: beamerbaseoverlay 2012/11/11  (rcs-revision 6afbc49b1109)
\beamer@argscount=\count126
\beamer@lastskipcover=\skip44
\beamer@trivlistdepth=\count127
)
("C:\Program Files\MiKTeX 2.9\tex\latex\beamer\base\beamerbasetitle.sty"
Package: beamerbasetitle 2010/09/21  (rcs-revision f0446ed0b6ae)
)
("C:\Program Files\MiKTeX 2.9\tex\latex\beamer\base\beamerbasesection.sty"
Package: beamerbasesection 2013/01/04  (rcs-revision 54309ceef997)
\c@lecture=\count128
\c@part=\count129
\c@section=\count130
\c@subsection=\count131
\c@subsubsection=\count132
)
("C:\Program Files\MiKTeX 2.9\tex\latex\beamer\base\beamerbaseframe.sty"
Package: beamerbaseframe 2012/12/26  (rcs-revision 1443917db2cf)
\beamer@framebox=\box40
\beamer@frametitlebox=\box41
\beamer@zoombox=\box42
\beamer@zoomcount=\count133
\beamer@zoomframecount=\count134
\beamer@frametextheight=\dimen165
\c@subsectionslide=\count135
\beamer@frametopskip=\skip45
\beamer@framebottomskip=\skip46
\beamer@frametopskipautobreak=\skip47
\beamer@framebottomskipautobreak=\skip48
\beamer@envbody=\toks24
\framewidth=\dimen166
\c@framenumber=\count136
)
("C:\Program Files\MiKTeX 2.9\tex\latex\beamer\base\beamerbaseverbatim.sty"
Package: beamerbaseverbatim 2012/08/30  (rcs-revision dfdb135076b3)
\beamer@verbatimfileout=\write4
)
("C:\Program Files\MiKTeX 2.9\tex\latex\beamer\base\beamerbaseframesize.sty"
Package: beamerbaseframesize 2011/09/12  (rcs-revision 70f9d8411e54)
\beamer@splitbox=\box43
\beamer@autobreakcount=\count137
\beamer@autobreaklastheight=\dimen167
\beamer@frametitletoks=\toks25
\beamer@framesubtitletoks=\toks26
)
("C:\Program Files\MiKTeX 2.9\tex\latex\beamer\base\beamerbaseframecomponents.s
ty"
Package: beamerbaseframecomponents 2012/09/13  (rcs-revision dcd846607320)
\beamer@footins=\box44
) ("C:\Program Files\MiKTeX 2.9\tex\latex\beamer\base\beamerbasecolor.sty"
Package: beamerbasecolor 2010/06/06  (rcs-revision d1a9b48be06d)
)
("C:\Program Files\MiKTeX 2.9\tex\latex\beamer\base\beamerbasenotes.sty"
Package: beamerbasenotes 2012/12/19  (rcs-revision 1686da3db3c9)
\beamer@frameboxcopy=\box45
)
("C:\Program Files\MiKTeX 2.9\tex\latex\beamer\base\beamerbasetoc.sty"
Package: beamerbasetoc 2012/10/02  (rcs-revision 5ed0f4010e8a)
)
("C:\Program Files\MiKTeX 2.9\tex\latex\beamer\base\beamerbasetemplates.sty"
Package: beamerbasetemplates 2010/05/01  (rcs-revision efa082c6111d)
\beamer@sbttoks=\toks27

("C:\Program Files\MiKTeX 2.9\tex\latex\beamer\base\beamerbaseauxtemplates.sty"
Package: beamerbaseauxtemplates 2012/05/01  (rcs-revision 67c48b3b652d)
("C:\Program Files\MiKTeX 2.9\tex\latex\beamer\base\beamerbaseboxes.sty"
Package: beamerbaseboxes 2012/05/13  (rcs-revision 56972908a390)
\bmb@box=\box46
\bmb@colorbox=\box47
\bmb@boxshadow=\box48
\bmb@boxshadowball=\box49
\bmb@boxshadowballlarge=\box50
\bmb@temp=\dimen168
\bmb@dima=\dimen169
\bmb@dimb=\dimen170
\bmb@prevheight=\dimen171
)
\beamer@blockheadheight=\dimen172
))
("C:\Program Files\MiKTeX 2.9\tex\latex\beamer\base\beamerbaselocalstructure.st
y"
Package: beamerbaselocalstructure 2012/11/13  (rcs-revision ddfba79dac19)
 ("C:\Program Files\MiKTeX 2.9\tex\latex\tools\enumerate.sty"
Package: enumerate 1999/03/05 v3.00 enumerate extensions (DPC)
\@enLab=\toks28
)
\c@figure=\count138
\c@table=\count139
\abovecaptionskip=\skip49
\belowcaptionskip=\skip50
)
("C:\Program Files\MiKTeX 2.9\tex\latex\beamer\base\beamerbasenavigation.sty"
Package: beamerbasenavigation 2012/04/03  (rcs-revision 42a0f21a412d)
\beamer@section@min@dim=\dimen173
)
("C:\Program Files\MiKTeX 2.9\tex\latex\beamer\base\beamerbasetheorems.sty"
Package: beamerbasetheorems 2010/06/06  (rcs-revision 7e7cc5e53e9d)

(C:\Users\UNBSJ\AppData\Roaming\MiKTeX\2.9\tex\latex\amsmath\amsmath.sty
Package: amsmath 2013/01/14 v2.14 AMS math features
\@mathmargin=\skip51

For additional information on amsmath, use the `?' option.
(C:\Users\UNBSJ\AppData\Roaming\MiKTeX\2.9\tex\latex\amsmath\amstext.sty
Package: amstext 2000/06/29 v2.01

(C:\Users\UNBSJ\AppData\Roaming\MiKTeX\2.9\tex\latex\amsmath\amsgen.sty
File: amsgen.sty 1999/11/30 v2.0
\@emptytoks=\toks29
\ex@=\dimen174
))
(C:\Users\UNBSJ\AppData\Roaming\MiKTeX\2.9\tex\latex\amsmath\amsbsy.sty
Package: amsbsy 1999/11/29 v1.2d
\pmbraise@=\dimen175
)
(C:\Users\UNBSJ\AppData\Roaming\MiKTeX\2.9\tex\latex\amsmath\amsopn.sty
Package: amsopn 1999/12/14 v2.01 operator names
)
\inf@bad=\count140
LaTeX Info: Redefining \frac on input line 210.
\uproot@=\count141
\leftroot@=\count142
LaTeX Info: Redefining \overline on input line 306.
\classnum@=\count143
\DOTSCASE@=\count144
LaTeX Info: Redefining \ldots on input line 378.
LaTeX Info: Redefining \dots on input line 381.
LaTeX Info: Redefining \cdots on input line 466.
\Mathstrutbox@=\box51
\strutbox@=\box52
\big@size=\dimen176
LaTeX Font Info:    Redeclaring font encoding OML on input line 566.
LaTeX Font Info:    Redeclaring font encoding OMS on input line 567.
\macc@depth=\count145
\c@MaxMatrixCols=\count146
\dotsspace@=\muskip11
\c@parentequation=\count147
\dspbrk@lvl=\count148
\tag@help=\toks30
\row@=\count149
\column@=\count150
\maxfields@=\count151
\andhelp@=\toks31
\eqnshift@=\dimen177
\alignsep@=\dimen178
\tagshift@=\dimen179
\tagwidth@=\dimen180
\totwidth@=\dimen181
\lineht@=\dimen182
\@envbody=\toks32
\multlinegap=\skip52
\multlinetaggap=\skip53
\mathdisplay@stack=\toks33
LaTeX Info: Redefining \[ on input line 2665.
LaTeX Info: Redefining \] on input line 2666.
)
(C:\Users\UNBSJ\AppData\Roaming\MiKTeX\2.9\tex\latex\amscls\amsthm.sty
Package: amsthm 2004/08/06 v2.20
\thm@style=\toks34
\thm@bodyfont=\toks35
\thm@headfont=\toks36
\thm@notefont=\toks37
\thm@headpunct=\toks38
\thm@preskip=\skip54
\thm@postskip=\skip55
\thm@headsep=\skip56
\dth@everypar=\toks39
)
\c@theorem=\count152
)
("C:\Program Files\MiKTeX 2.9\tex\latex\beamer\base\beamerbasethemes.sty"
Package: beamerbasethemes 2010/05/01  (rcs-revision efa082c6111d)
))
("C:\Program Files\MiKTeX 2.9\tex\latex\beamer\base\themes\theme\beamerthemedef
ault.sty"
Package: beamerthemedefault 2010/06/17  (rcs-revision d02a7cf4d8ae)

("C:\Program Files\MiKTeX 2.9\tex\latex\beamer\base\themes\font\beamerfonttheme
default.sty"
Package: beamerfontthemedefault 2012/12/19  (rcs-revision 1686da3db3c9)
)
("C:\Program Files\MiKTeX 2.9\tex\latex\beamer\base\themes\color\beamercolorthe
medefault.sty"
Package: beamercolorthemedefault 2012/12/19  (rcs-revision 1686da3db3c9)
)
("C:\Program Files\MiKTeX 2.9\tex\latex\beamer\base\themes\inner\beamerinnerthe
medefault.sty"
Package: beamerinnerthemedefault 2012/05/01  (rcs-revision 67c48b3b652d)
\beamer@dima=\dimen183
\beamer@dimb=\dimen184
)
("C:\Program Files\MiKTeX 2.9\tex\latex\beamer\base\themes\outer\beamerouterthe
medefault.sty"
Package: beamerouterthemedefault 2012/12/19  (rcs-revision 1686da3db3c9)
)))
(C:\Users\UNBSJ\AppData\Roaming\MiKTeX\2.9\tex\latex\pgf\utilities\pgfpages.sty
Package: pgfpages 2004/11/05 ver 0.01
("C:\Program Files\MiKTeX 2.9\tex\latex\tools\calc.sty"
Package: calc 2007/08/22 v4.3 Infix arithmetic (KKT,FJ)
\calc@Acount=\count153
\calc@Bcount=\count154
\calc@Adimen=\dimen185
\calc@Bdimen=\dimen186
\calc@Askip=\skip57
\calc@Bskip=\skip58
LaTeX Info: Redefining \setlength on input line 76.
LaTeX Info: Redefining \addtolength on input line 77.
\calc@Ccount=\count155
\calc@Cskip=\skip59
)
\pgf@logicalpages=\count156
\pgf@firstshipout=\count157
\pgf@lastshipout=\count158
\pgf@currentshipout=\count159
\pgf@cpn=\count160
\pgf@shipoutnextto=\count161
\pgfphysicalheight=\dimen187
\pgfphysicalwidth=\dimen188
\pgfpages@shipoutbox=\box53
)
\pgfpages@box@1=\box54
\pgfpages@box@2=\box55

(C:\Users\UNBSJ\AppData\Roaming\MiKTeX\2.9\tex\latex\cancel\cancel.sty
Package: cancel 2013/04/12 v2.2 Cancel math terms
)
(C:\Users\UNBSJ\AppData\Roaming\MiKTeX\2.9\tex\latex\wasysym\wasysym.sty
Package: wasysym 2003/10/30 v2.0 Wasy-2 symbol support package
\symwasy=\mathgroup6
LaTeX Font Info:    Overwriting symbol font `wasy' in version `bold'
(Font)                  U/wasy/m/n --> U/wasy/b/n on input line 90.
)
(C:\Users\UNBSJ\AppData\Roaming\MiKTeX\2.9\tex\latex\marvosym\marvosym.sty
Package: marvosym 2011/07/20 v2.2 Martin Vogel's Symbols font definitions
)
("C:\Program Files\MiKTeX 2.9\tex\latex\beamer\base\themes\inner\beamerinnerthe
merounded.sty"
Package: beamerinnerthemerounded 2010/06/17  (rcs-revision d02a7cf4d8ae)
)
("C:\Program Files\MiKTeX 2.9\tex\latex\beamer\base\themes\color\beamercolorthe
meorchid.sty"
Package: beamercolorthemeorchid 2010/06/17  (rcs-revision d02a7cf4d8ae)
)
("C:\Program Files\MiKTeX 2.9\tex\latex\beamer\base\themes\color\beamercolorthe
mewhale.sty"
Package: beamercolorthemewhale 2010/06/17  (rcs-revision d02a7cf4d8ae)
) ("C:\Program Files\MiKTeX 2.9\tex\generic\babel\babel.sty"
Package: babel 2008/07/08 v3.8m The Babel package

*************************************
* Local config file bblopts.cfg used
*
("C:\Program Files\MiKTeX 2.9\tex\latex\00miktex\bblopts.cfg"
File: bblopts.cfg 2006/07/31 v1.0 MiKTeX 'babel' configuration
)
("C:\Program Files\MiKTeX 2.9\tex\generic\babel\english.ldf"
Language: english 2005/03/30 v3.3o English support from the babel system

("C:\Program Files\MiKTeX 2.9\tex\generic\babel\babel.def"
File: babel.def 2008/07/08 v3.8m Babel common definitions
LaTeX Info: Redefining \textlatin on input line 82.
\babel@savecnt=\count162
\U@D=\dimen189
)
\l@canadian = a dialect from \language\l@american 
\l@australian = a dialect from \language\l@british 
\l@newzealand = a dialect from \language\l@british 
))
("C:\Program Files\MiKTeX 2.9\tex\latex\base\inputenc.sty"
Package: inputenc 2008/03/30 v1.1d Input encoding file
\inpenc@prehook=\toks40
\inpenc@posthook=\toks41

("C:\Program Files\MiKTeX 2.9\tex\latex\base\latin1.def"
File: latin1.def 2008/03/30 v1.1d Input encoding file
))
("C:\Program Files\MiKTeX 2.9\tex\generic\xypic\xy.sty"
("C:\Program Files\MiKTeX 2.9\tex\generic\xypic\xy.tex" Bootstrap'ing:
catcodes, docmode, ("C:\Program Files\MiKTeX 2.9\tex\generic\xypic\xyrecat.tex"
) ("C:\Program Files\MiKTeX 2.9\tex\generic\xypic\xyidioms.tex")

 Xy-pic version 3.8.8 <2012/05/24>
 Copyright (c) 1991-2011 by Kristoffer H. Rose <krisrose@tug.org>
 Xy-pic is free software: see the User's Guide for details.

Loading kernel: messages; fonts; allocations: state,
\X@c=\dimen190
\Y@c=\dimen191
\U@c=\dimen192
\D@c=\dimen193
\L@c=\dimen194
\R@c=\dimen195
\Edge@c=\toks42
\X@p=\dimen196
\Y@p=\dimen197
\U@p=\dimen198
\D@p=\dimen199
\L@p=\dimen200
\R@p=\dimen201
\Edge@p=\toks43
\X@origin=\dimen202
\Y@origin=\dimen203
\X@xbase=\dimen204
\Y@xbase=\dimen205
\X@ybase=\dimen206
\Y@ybase=\dimen207
\X@min=\dimen208
\Y@min=\dimen209
\X@max=\dimen210
\Y@max=\dimen211
\lastobjectbox@=\box56
\zerodotbox@=\box57
\almostz@=\dimen212
 direction,
\d@X=\dimen213
\d@Y=\dimen214
\K@=\count163
\KK@=\count164
\Direction=\count165
\K@dXdY=\dimen215
\K@dYdX=\dimen216
\xyread@=\read2
\xywrite@=\write5
\csp@=\count166
\quotPTK@=\dimen217

utility macros; pictures: \xy, positions,
\swaptoks@@=\toks44
\connectobjectbox@@=\box58
 objects,
\styletoks@=\toks45
 decorations;
kernel objects: directionals, circles, text; options; algorithms: directions,
edges, connections;  Xy-pic loaded)
Package: xy 2012/05/24 Xy-pic version 3.8.8

("C:\Program Files\MiKTeX 2.9\tex\generic\xypic\xycmtip.tex"
 Xy-pic option: Computer Modern tip extension v.3.7
("C:\Program Files\MiKTeX 2.9\tex\generic\xypic\xytips.tex"
 Xy-pic option: More Tips extension v.3.9 loaded) loaded)
("C:\Program Files\MiKTeX 2.9\tex\generic\xypic\xyall.tex"
 Xy-pic option: All features v.3.8
("C:\Program Files\MiKTeX 2.9\tex\generic\xypic\xycurve.tex"
 Xy-pic option: Curve and Spline extension v.3.12 curve,
\crv@cnt@=\count167
\crvpts@=\toks46
\splinebox@=\box59
\splineval@=\dimen218
\splinedepth@=\dimen219
\splinetol@=\dimen220
\splinelength@=\dimen221
 circles,
\L@=\dimen222
 loaded)
("C:\Program Files\MiKTeX 2.9\tex\generic\xypic\xyframe.tex"
 Xy-pic option: Frame and Bracket extension v.3.14 loaded)
("C:\Program Files\MiKTeX 2.9\tex\generic\xypic\xyline.tex"
 Xy-pic option: Line styles extension v.3.10
\xylinethick@=\dimen223
 loaded)
("C:\Program Files\MiKTeX 2.9\tex\generic\xypic\xyrotate.tex"
 Xy-pic option: Rotate and Scale extension v.3.8 loaded)
("C:\Program Files\MiKTeX 2.9\tex\generic\xypic\xycolor.tex"
 Xy-pic option: Colour extension v.3.11 loaded)
("C:\Program Files\MiKTeX 2.9\tex\generic\xypic\xymatrix.tex"
 Xy-pic option: Matrix feature v.3.14
\Row=\count168
\Col=\count169
\queue@=\toks47
\queue@@=\toks48
\qcount@=\count170
\qcount@@=\count171
\matrixsize@=\count172
 loaded)
("C:\Program Files\MiKTeX 2.9\tex\generic\xypic\xyarrow.tex"
 Xy-pic option: Arrow and Path feature v.3.9 path, \ar, loaded)
("C:\Program Files\MiKTeX 2.9\tex\generic\xypic\xygraph.tex"
 Xy-pic option: Graph feature v.3.11 loaded) loaded)
("C:\Program Files\MiKTeX 2.9\tex\generic\xypic\xypdf.tex"
 Xy-pic option: PDF driver v.1.7 Xy-pic pdf driver: `color' extension support
("C:\Program Files\MiKTeX 2.9\tex\generic\xypic\xypdf-co.tex" loaded)
Xy-pic pdf driver: `curve' extension support
("C:\Program Files\MiKTeX 2.9\tex\generic\xypic\xypdf-cu.tex" loaded)
Xy-pic pdf driver: `frame' extension support
("C:\Program Files\MiKTeX 2.9\tex\generic\xypic\xypdf-fr.tex" loaded)
Xy-pic pdf driver: `line' extension support
("C:\Program Files\MiKTeX 2.9\tex\generic\xypic\xypdf-li.tex" loaded)
Xy-pic pdf driver: `rotate' extension support
("C:\Program Files\MiKTeX 2.9\tex\generic\xypic\xypdf-ro.tex" loaded) loaded))
("C:\Program Files\MiKTeX 2.9\tex\latex\psnfss\times.sty"
Package: times 2005/04/12 PSNFSS-v9.2a (SPQR) 
)
("C:\Users\UNBSJ\OneDrive\texed\files\courses\Calculus Slides Latex\Math 1003 a
nd 1013\lectures\example-templates.sty"

LaTeX Warning: You have requested package `../example-templates',
               but the package provides `example-templates'.

Package: example-templates 
("C:\Program Files\MiKTeX 2.9\tex\latex\base\ifthen.sty"
Package: ifthen 2001/05/26 v1.1c Standard LaTeX ifthen package (DPC)
)
(C:\Users\UNBSJ\AppData\Roaming\MiKTeX\2.9\tex\latex\comment\comment.sty
\CommentStream=\write6

Excluding comment 'comment')
("C:\Program Files\MiKTeX 2.9\tex\latex\multirow\multirow.sty"
\bigstrutjot=\dimen224
)
(C:\Users\UNBSJ\AppData\Roaming\MiKTeX\2.9\tex\latex\psfrag\psfrag.sty
Package: psfrag 1998/04/11 v3.04 PSfrag (MCG)
\pfg@pcount=\count173
\pfg@scount=\count174
\pfg@temp=\write7
)
(C:\Users\UNBSJ\AppData\Roaming\MiKTeX\2.9\tex\latex\rotating\rotating.sty
Package: rotating 2009/03/28 v2.16a rotated objects in LaTeX
\c@r@tfl@t=\count175
\rotFPtop=\skip60
\rotFPbot=\skip61
\rot@float@box=\box60
\rot@mess@toks=\toks49
)
(C:\Users\UNBSJ\AppData\Roaming\MiKTeX\2.9\tex\latex\fp\fp.sty
Package: fp 1995/04/02

`Fixed Point Package', Version 0.8, April 2, 1995 (C) Michael Mehlich
(C:\Users\UNBSJ\AppData\Roaming\MiKTeX\2.9\tex\latex\fp\defpattern.sty
Package: defpattern 1994/10/12
\actioncount=\count176
)
(C:\Users\UNBSJ\AppData\Roaming\MiKTeX\2.9\tex\latex\fp\fp-basic.sty
Package: fp-basic 1996/05/13
\FP@xs=\count177
\FP@xia=\count178
\FP@xib=\count179
\FP@xfa=\count180
\FP@xfb=\count181
\FP@rega=\count182
\FP@regb=\count183
\FP@regs=\count184
\FP@times=\count185
)
(C:\Users\UNBSJ\AppData\Roaming\MiKTeX\2.9\tex\latex\fp\fp-addons.sty
Package: fp-addons 1995/03/15
)
(C:\Users\UNBSJ\AppData\Roaming\MiKTeX\2.9\tex\latex\fp\fp-snap.sty
Package: fp-snap 1995/04/05
)
(C:\Users\UNBSJ\AppData\Roaming\MiKTeX\2.9\tex\latex\fp\fp-exp.sty
Package: fp-exp 1995/04/03
)
(C:\Users\UNBSJ\AppData\Roaming\MiKTeX\2.9\tex\latex\fp\fp-trigo.sty
Package: fp-trigo 1995/04/14
)
(C:\Users\UNBSJ\AppData\Roaming\MiKTeX\2.9\tex\latex\fp\fp-pas.sty
Package: fp-pas 1994/08/29
)
(C:\Users\UNBSJ\AppData\Roaming\MiKTeX\2.9\tex\latex\fp\fp-random.sty
Package: fp-random 1995/02/23
\FPseed=\count186
)
(C:\Users\UNBSJ\AppData\Roaming\MiKTeX\2.9\tex\latex\fp\fp-eqn.sty
Package: fp-eqn 1995/04/03
)
(C:\Users\UNBSJ\AppData\Roaming\MiKTeX\2.9\tex\latex\fp\fp-upn.sty
Package: fp-upn 1996/10/21
)
(C:\Users\UNBSJ\AppData\Roaming\MiKTeX\2.9\tex\latex\fp\fp-eval.sty
Package: fp-eval 1995/04/03
))
("C:\Program Files\MiKTeX 2.9\tex\latex\tools\bm.sty"
Package: bm 2004/02/26 v1.1c Bold Symbol Support (DPC/FMi)
\symboldoperators=\mathgroup7
\symboldletters=\mathgroup8
\symboldsymbols=\mathgroup9
\symboldwasy=\mathgroup10
LaTeX Font Info:    Redeclaring math alphabet \mathbf on input line 138.
LaTeX Info: Redefining \bm on input line 204.
)
(C:\Users\UNBSJ\AppData\Roaming\MiKTeX\2.9\tex\latex\xstring\xstring.sty
(C:\Users\UNBSJ\AppData\Roaming\MiKTeX\2.9\tex\generic\xstring\xstring.tex
\@xs@message=\write8
\integerpart=\count187
\decimalpart=\count188
)
Package: xstring 2013/10/13  v1.7c  String manipulations (C Tellechea)
)
\c@question=\count189
\c@observation=\count190
\c@remark=\count191
)
("C:\Users\UNBSJ\OneDrive\texed\files\courses\Calculus Slides Latex\Math 1003 a
nd 1013\lectures\pstricks-commands.sty"

LaTeX Warning: You have requested package `../pstricks-commands',
               but the package provides `pstricks-commands'.

Package: pstricks-commands 
(C:\Users\UNBSJ\AppData\Roaming\MiKTeX\2.9\tex\latex\misc\etex.sty
Package: etex 1998/03/26 v2.0 eTeX basic definition package (PEB)
\et@xins=\count192
)
(C:\Users\UNBSJ\AppData\Roaming\MiKTeX\2.9\tex\latex\auto-pst-pdf\auto-pst-pdf.
sty
Package: auto-pst-pdf 2009/04/26 v0.6 Wrapper for pst-pdf
 ("C:\Program Files\MiKTeX 2.9\tex\latex\xkeyval\xkeyval.sty"
Package: xkeyval 2012/10/14 v2.6b package option processing (HA)

("C:\Program Files\MiKTeX 2.9\tex\generic\xkeyval\xkeyval.tex"
\XKV@toks=\toks50
\XKV@tempa@toks=\toks51
\XKV@depth=\count193
File: xkeyval.tex 2012/10/14 v2.6b key=value parser (HA)
))
(C:\Users\UNBSJ\AppData\Roaming\MiKTeX\2.9\tex\latex\ifplatform\ifplatform.sty
Package: ifplatform 2010/10/22 v0.4 Testing for the operating system

("C:\Program Files\MiKTeX 2.9\tex\generic\oberdiek\catchfile.sty"
Package: catchfile 2011/03/01 v1.6 Catch the contents of a file (HO)
))
\c@app@runs=\count194
runsystem(echo " ")...executed.

runsystem(echo "-------------------------------------------------")...executed.

runsystem(echo "auto-pst-pdf: Auxiliary LaTeX compilation")...executed.

runsystem(echo "-------------------------------------------------")...executed.

runsystem(del "M1003_2014_Fall-pics.pdf")...executed.

runsystem(latex -disable-write18 -jobname="M1003_2014_Fall-autopp" -interaction
=batchmode  "\let \APPmakepictures \empty \input  M1003_2014_Fall.tex")...execu
ted.

runsystem(dvips -Ppdf -o "M1003_2014_Fall-autopp.ps" "M1003_2014_Fall-autopp.dv
i")...executed.

runsystem(ps2pdf  "M1003_2014_Fall-autopp.ps" "M1003_2014_Fall-autopp.pdf")...e
xecuted.

runsystem(pdfcrop  "M1003_2014_Fall-autopp.pdf" "M1003_2014_Fall-pics.pdf")...e
xecuted.

runsystem(del "M1003_2014_Fall-autopp.log")...executed.

runsystem(del "M1003_2014_Fall-autopp.dvi")...executed.

runsystem(del "M1003_2014_Fall-autopp.ps")...executed.

runsystem(del "M1003_2014_Fall-autopp.pdf")...executed.

runsystem(echo "-------------------------------------------------")...executed.

runsystem(echo "auto-pst-pdf: End auxiliary LaTeX compilation")...executed.

runsystem(echo "-------------------------------------------------")...executed.


(C:\Users\UNBSJ\AppData\Roaming\MiKTeX\2.9\tex\latex\pst-pdf\pst-pdf.sty
Package: pst-pdf 2008/10/09 v1.1v PS graphics for pdfLaTeX (RN,HjG)
\c@pspicture=\count195
Package pst-pdf Info: MODE: 1 (pdfTeX mode) on input line 214.

("C:\Program Files\MiKTeX 2.9\tex\latex\pstricks\pstricks.sty"
Package: pstricks 2013/05/21 v0.56 LaTeX wrapper for `PSTricks' (RN,HV)

("C:\Program Files\MiKTeX 2.9\tex\generic\pstricks\base\pstricks.tex"
("C:\Program Files\MiKTeX 2.9\tex\generic\xkeyval\pst-xkey.tex"
File: pst-xkey.tex 2005/11/25 v1.6 PSTricks specialization of xkeyval (HA)
)
("C:\Program Files\MiKTeX 2.9\tex\generic\pstricks\base\pst-fp.tex"
`pst-fp' v0.05, 2010/01/17 (hv)
\pstFP@xs=\count196
\pstFP@xia=\count197
\pstFP@xib=\count198
\pstFP@xfa=\count199
\pstFP@xfb=\count200
\pstFP@rega=\count201
\pstFP@regb=\count202
\pstFP@regs=\count203
\pstFP@times=\count204
)
(C:\Users\UNBSJ\AppData\Roaming\MiKTeX\2.9\tex\generic\pgf\utilities\pgfutil-co
mmon.tex
\pgfutil@everybye=\toks52
)
(C:\Users\UNBSJ\AppData\Roaming\MiKTeX\2.9\tex\generic\pgf\utilities\pgfkeys.co
de.tex)
(C:\Users\UNBSJ\AppData\Roaming\MiKTeX\2.9\tex\generic\pgf\utilities\pgffor.cod
e.tex
\pgffor@iter=\dimen225
\pgffor@skip=\dimen226
\pgffor@stack=\toks53
\pgffor@toks=\toks54
)
\psLoopIndex=\count205

`PSTricks' v2.43  <2013/05/12> (tvz)
\pst@dima=\dimen227
\pst@dimb=\dimen228
\pst@dimc=\dimen229
\pst@dimd=\dimen230
\pst@dimg=\dimen231
\pst@dimh=\dimen232
\pst@dimm=\dimen233
Normal \dimen register pool exhausted, switching to extended pool.
\pst@dimn=\dimen256
\pst@dimo=\dimen257
\pst@dimp=\dimen258
\pst@hbox=\box61
\pst@ibox=\box62
\pst@boxg=\box63
\pst@cnta=\count206
\pst@cntb=\count207
\pst@cntc=\count208
\pst@cntd=\count209
\pst@cntg=\count210
\pst@cnth=\count211
\pst@cntm=\count212
\pst@cntn=\count213
\pst@cnto=\count214
\pst@cntp=\count215
\@zero=\count216
\pst@toks=\toks55
("C:\Program Files\MiKTeX 2.9\tex\generic\pstricks\base\pstricks.con")
\psunit=\dimen259
\psxunit=\dimen260
\psyunit=\dimen261
\pst@C@@rType=\count217
\pslinewidth=\dimen262
\psk@startLW=\dimen263
\psk@endLW=\dimen264
\pst@customdefs=\toks56
\pslinearc=\dimen265
\pst@symbolStep=\dimen266
\pst@symbolWidth=\dimen267
\pst@symbolLinewidth=\dimen268
\everypsbox=\toks57
\psframesep=\dimen269
\pslabelsep=\dimen270
\sh@wgridXunit=\dimen271
\sh@wgridYunit=\dimen272
\pst@shift=\dimen273
\theoverlaybox=\box64
)
File: pstricks.tex 2013/05/12 v2.43 `PSTricks' (tvz,hv)

("C:\Program Files\MiKTeX 2.9\tex\generic\pstricks\base\pst-fp.tex")
File: pst-fp.tex 2013/05/12 v2.43 `PST-fp' (hv)
)
\ppf@output=\toks58

(C:\Users\UNBSJ\AppData\Roaming\MiKTeX\2.9\tex\latex\preview\preview.sty
Package: preview 2010/02/14 11.86 (AUCTeX/preview-latex)
\pr@snippet=\count218
\pr@box=\box65
\pr@output=\toks59
)
("C:\Program Files\MiKTeX 2.9\tex\latex\graphics\dvips.def"
File: dvips.def 1999/02/16 v3.0i Driver-dependant file (DPC,SPQR)
)
(C:\Users\UNBSJ\AppData\Roaming\MiKTeX\2.9\tex\latex\environ\environ.sty
Package: environ 2013/04/01 v0.3 A new environment syntax

(C:\Users\UNBSJ\AppData\Roaming\MiKTeX\2.9\tex\latex\trimspaces\trimspaces.sty
Package: trimspaces 2009/09/17 v1.1 Trim spaces around a token list
)))) (C:\Users\UNBSJ\AppData\Roaming\MiKTeX\2.9\tex\latex\pst-plot\pst-plot.sty
Package: pst-plot 2011/06/05 v1.00 LaTeX wrapper for `pst-plot' (HV)

("C:\Program Files\MiKTeX 2.9\tex\latex\xkeyval\pst-xkey.sty"
Package: pst-xkey 2005/11/25 v1.6 package wrapper for pst-xkey.tex (HA)
)
(C:\Users\UNBSJ\AppData\Roaming\MiKTeX\2.9\tex\latex\multido\multido.sty
Package: multido 2004/05/17 package wrapper for PSTricks `multido.tex', (HV/RN)


(C:\Users\UNBSJ\AppData\Roaming\MiKTeX\2.9\tex\generic\multido\multido.tex
 v1.42, 2010/05/14 <tvz>
\multido@count=\count219
\multidocount=\count220
\multido@stuff=\toks60
)
File: multido.tex 2010/05/14 v1.42 `multido' (tvz,hv)
)
Package: pst-plot 2011/04/13 package wrapper for pst-plot.tex (hv)

(C:\Users\UNBSJ\AppData\Roaming\MiKTeX\2.9\tex\generic\pst-plot\pst-plot.tex
 v1.58, 2014/01/16 (tvz,hv)
\pstRadUnit=\dimen274
\pstRadUnitInv=\dimen275
\pst@linecnt=\count221
\RCD@file=\read3
\psxlabelsep=\dimen276
\psylabelsep=\dimen277
\psk@subticksize=\dimen278
\pst@xticksizeA=\dimen279
\pst@xticksizeB=\dimen280
\pst@xticksizeC=\dimen281
\pst@yticksizeA=\dimen282
\pst@yticksizeB=\dimen283
\pst@yticksizeC=\dimen284
\@digitcounter=\count222
\psk@llx=\dimen285
\psk@lly=\dimen286
\psk@urx=\dimen287
\psk@ury=\dimen288
\pst@xunit=\dimen289
\pst@yunit=\dimen290
)
File: pst-plot.tex 2014/01/16 1.58 `pst-plot' (tvz,hv)
)
(C:\Users\UNBSJ\AppData\Roaming\MiKTeX\2.9\tex\latex\pst-math\pst-math.sty
Package: pst-math 2009/01/20 package wrapper for PSTricks pst-math.tex

(C:\Users\UNBSJ\AppData\Roaming\MiKTeX\2.9\tex\generic\pst-math\pst-math.tex
`pst-math' v0.62 , (CJ,hv))
File: pst-math.tex 2010/10/20 v0.62 `PST-math' (hv)
))
(C:\Users\UNBSJ\AppData\Roaming\MiKTeX\2.9\tex\latex\pst-3dplot\pst-3dplot.sty
(C:\Users\UNBSJ\AppData\Roaming\MiKTeX\2.9\tex\latex\pst-3d\pst-3d.sty
Package: pst-3d 2009/07/28 package wrapper for pst-3d.tex (hv)

(C:\Users\UNBSJ\AppData\Roaming\MiKTeX\2.9\tex\generic\pst-3d\pst-3d.tex
`PST-3d' v1.11, 2010/02/14 (tvz))
File: pst-3d.tex 2010/02/14 v1.11 `PST-3d' (hv)
)
(C:\Users\UNBSJ\AppData\Roaming\MiKTeX\2.9\tex\latex\pst-node\pst-node.sty
Package: pst-node 2012/09/18 v1.01 LaTeX wrapper for `pst-node' (HV)
Package: pst-node 2010/04/22 package wrapper for pst-node.tex

(C:\Users\UNBSJ\AppData\Roaming\MiKTeX\2.9\tex\generic\pst-node\pst-node.tex
 v1.32, 2014/02/03
\psrow=\count223
\pscol=\count224
\psmatrixcnt=\count225
\psrowsep=\skip62
\pscolsep=\skip63
\pst@args=\count226
\num@pts=\count227
\pst@argcnt=\count228
)
File: pst-node.tex 2014/02/03 1.32 `pst-node' (tvz,hv)
)
Package: pst-3dplot 2010/01/01 package wrapper for pst-3dplot.tex (hv)

(C:\Users\UNBSJ\AppData\Roaming\MiKTeX\2.9\tex\generic\pst-3dplot\pst-3dplot.te
x (C:\Users\UNBSJ\AppData\Roaming\MiKTeX\2.9\tex\generic\pst-node\pst-node.tex)
(C:\Users\UNBSJ\AppData\Roaming\MiKTeX\2.9\tex\generic\multido\multido.tex
 v1.42, 2010/05/14 <tvz>) `PST-3dplot' v1.99, 2013/02/01 (HV,DL)
\pst@dimf=\dimen291
\pst@cntx=\count229
\pst@cnty=\count230
\pst@cntz=\count231
\pst@dimx=\dimen292
\pst@dimy=\dimen293
\pst@dimz=\dimen294
\pst@dx=\dimen295
\pst@dy=\dimen296
\pszunit=\dimen297
)
File: pst-3dplot.tex 2013/02/01 v1.99 `PST-3dplot' (hv)
)
(C:\Users\UNBSJ\AppData\Roaming\MiKTeX\2.9\tex\latex\pgf\frontendlayer\tikz.sty
(C:\Users\UNBSJ\AppData\Roaming\MiKTeX\2.9\tex\latex\pgf\basiclayer\pgf.sty
(C:\Users\UNBSJ\AppData\Roaming\MiKTeX\2.9\tex\generic\pgf\modules\pgfmodulesha
pes.code.tex
File: pgfmoduleshapes.code.tex 2010/09/09  (rcs-revision 1.13)
\pgfnodeparttextbox=\box66
)
(C:\Users\UNBSJ\AppData\Roaming\MiKTeX\2.9\tex\generic\pgf\modules\pgfmoduleplo
t.code.tex
File: pgfmoduleplot.code.tex 2010/10/22  (rcs-revision 1.8)
)
(C:\Users\UNBSJ\AppData\Roaming\MiKTeX\2.9\tex\latex\pgf\compatibility\pgfcomp-
version-0-65.sty
\pgf@nodesepstart=\dimen298
\pgf@nodesepend=\dimen299
)
(C:\Users\UNBSJ\AppData\Roaming\MiKTeX\2.9\tex\latex\pgf\compatibility\pgfcomp-
version-1-18.sty))
(C:\Users\UNBSJ\AppData\Roaming\MiKTeX\2.9\tex\latex\pgf\utilities\pgffor.sty
(C:\Users\UNBSJ\AppData\Roaming\MiKTeX\2.9\tex\latex\pgf\utilities\pgfkeys.sty
(C:\Users\UNBSJ\AppData\Roaming\MiKTeX\2.9\tex\generic\pgf\utilities\pgfkeys.co
de.tex))
(C:\Users\UNBSJ\AppData\Roaming\MiKTeX\2.9\tex\generic\pgf\utilities\pgffor.cod
e.tex
\pgffor@iter=\dimen300
\pgffor@skip=\dimen301
\pgffor@stack=\toks61
\pgffor@toks=\toks62
))
(C:\Users\UNBSJ\AppData\Roaming\MiKTeX\2.9\tex\generic\pgf\frontendlayer\tikz\t
ikz.code.tex
(C:\Users\UNBSJ\AppData\Roaming\MiKTeX\2.9\tex\generic\pgf\libraries\pgflibrary
plothandlers.code.tex
File: pgflibraryplothandlers.code.tex 2010/05/31 v2.10 (rcs-revision 1.15)
\pgf@plot@mark@count=\count232
\pgfplotmarksize=\dimen302
)
\tikz@lastx=\dimen303
\tikz@lasty=\dimen304
\tikz@lastxsaved=\dimen305
\tikz@lastysaved=\dimen306
\tikzleveldistance=\dimen307
\tikzsiblingdistance=\dimen308
\tikz@figbox=\box67
\tikz@tempbox=\box68
\tikztreelevel=\count233
Normal \count register pool exhausted, switching to extended pool.
\tikznumberofchildren=\count277
\tikznumberofcurrentchild=\count278
\tikz@fig@count=\count279

(C:\Users\UNBSJ\AppData\Roaming\MiKTeX\2.9\tex\generic\pgf\modules\pgfmodulemat
rix.code.tex
File: pgfmodulematrix.code.tex 2010/08/24  (rcs-revision 1.4)
\pgfmatrixcurrentrow=\count280
\pgfmatrixcurrentcolumn=\count281
\pgf@matrix@numberofcolumns=\count282
)
\tikz@expandcount=\count283

(C:\Users\UNBSJ\AppData\Roaming\MiKTeX\2.9\tex\generic\pgf\frontendlayer\tikz\l
ibraries\tikzlibrarytopaths.code.tex
File: tikzlibrarytopaths.code.tex 2008/06/17 v2.10 (rcs-revision 1.2)
)))
(C:\Users\UNBSJ\AppData\Roaming\MiKTeX\2.9\tex\generic\pgf\frontendlayer\tikz\l
ibraries\tikzlibrarycalc.code.tex
File: tikzlibrarycalc.code.tex 2009/09/04 v2.10 (rcs-revision 1.6)
)
(C:\Users\UNBSJ\AppData\Roaming\MiKTeX\2.9\tex\latex\pgfplots\pgfplots.sty
(C:\Users\UNBSJ\AppData\Roaming\MiKTeX\2.9\tex\generic\pgfplots\pgfplots.revisi
on.tex)
Package: pgfplots 2014/02/28 v1.10 Data Visualization (1.10-2-gb39fe75)

(C:\Users\UNBSJ\AppData\Roaming\MiKTeX\2.9\tex\generic\pgfplots\pgfplots.code.t
ex
(C:\Users\UNBSJ\AppData\Roaming\MiKTeX\2.9\tex\generic\pgfplots\pgfplotscore.co
de.tex
\t@pgfplots@toka=\toks63
\t@pgfplots@tokb=\toks64
\t@pgfplots@tokc=\toks65
\pgfplots@tmpa=\dimen309
\c@pgfplots@coordindex=\count284
\c@pgfplots@scanlineindex=\count285

(C:\Users\UNBSJ\AppData\Roaming\MiKTeX\2.9\tex\generic\pgfplots\sys\pgfplotssys
generic.code.tex))
(C:\Users\UNBSJ\AppData\Roaming\MiKTeX\2.9\tex\generic\pgfplots\libs\pgfplotsli
brary.code.tex)
(C:\Users\UNBSJ\AppData\Roaming\MiKTeX\2.9\tex\generic\pgfplots\oldpgfcompatib\
pgfplotsoldpgfsupp_loader.code.tex
Package pgfplots: loading complementary code for your PGF version...

(C:\Users\UNBSJ\AppData\Roaming\MiKTeX\2.9\tex\generic\pgfplots\oldpgfcompatib\
pgfplotsoldpgfsupp_misc.code.tex)
(C:\Users\UNBSJ\AppData\Roaming\MiKTeX\2.9\tex\generic\pgfplots\oldpgfcompatib\
pgfplotsoldpgfsupp_pgfkeys.code.tex
\pgfkeys@pathtoks=\toks66
\pgfkeys@temptoks=\toks67

(C:\Users\UNBSJ\AppData\Roaming\MiKTeX\2.9\tex\generic\pgfplots\oldpgfcompatib\
pgfplotsoldpgfsupp_pgfkeysfiltered.code.tex
\pgfkeys@tmptoks=\toks68
))
(C:\Users\UNBSJ\AppData\Roaming\MiKTeX\2.9\tex\generic\pgfplots\oldpgfcompatib\
pgfplotsoldpgfsupp_pgfmathfloat.code.tex
\c@pgfmathroundto@lastzeros=\count286
)
(C:\Users\UNBSJ\AppData\Roaming\MiKTeX\2.9\tex\generic\pgfplots\oldpgfcompatib\
pgfplotsoldpgfsupp_pgflibraryplothandlers.code.tex
File: pgflibraryplothandlers.code.tex 2012/09/11 v2.10 (rcs-revision 1.17)
\pgf@plot@mark@count=\count287
\pgfplotmarksize=\dimen310
)
(C:\Users\UNBSJ\AppData\Roaming\MiKTeX\2.9\tex\generic\pgfplots\oldpgfcompatib\
pgfplotsoldpgfsupp_pgflibraryfpu.code.tex)
(C:\Users\UNBSJ\AppData\Roaming\MiKTeX\2.9\tex\generic\pgfplots\oldpgfcompatib\
pgfplotsoldpgfsupp_pgfcorescopes.code.tex
File: pgfcorescopes.code.tex 2012/11/30  (rcs-revision 1.38)
\pgfpic=\box69
\pgf@hbox=\box70
\pgf@layerbox@main=\box71
\pgf@picture@serial@count=\count288
)
(C:\Users\UNBSJ\AppData\Roaming\MiKTeX\2.9\tex\generic\pgfplots\oldpgfcompatib\
pgfplotsoldpgfsupp_pgfcorelayers.code.tex
File: pgfcorelayers.code.tex 2012/11/07  (rcs-revision 1.5)
)
Package pgfplots: loading complementary utilities for your pgf version...
\t@pgf@toka=\toks69
\t@pgf@tokb=\toks70
\t@pgf@tokc=\toks71

(C:\Users\UNBSJ\AppData\Roaming\MiKTeX\2.9\tex\generic\pgfplots\oldpgfcompatib\
pgfplotsoldpgfsupp_pgfutil-common-lists.tex))
(C:\Users\UNBSJ\AppData\Roaming\MiKTeX\2.9\tex\generic\pgfplots\util\pgfplotsut
il.code.tex
(C:\Users\UNBSJ\AppData\Roaming\MiKTeX\2.9\tex\generic\pgfplots\liststructure\p
gfplotsliststructure.code.tex)
(C:\Users\UNBSJ\AppData\Roaming\MiKTeX\2.9\tex\generic\pgfplots\liststructure\p
gfplotsliststructureext.code.tex)
(C:\Users\UNBSJ\AppData\Roaming\MiKTeX\2.9\tex\generic\pgfplots\liststructure\p
gfplotsarray.code.tex
\c@pgfplotsarray@tmp=\count289
)
(C:\Users\UNBSJ\AppData\Roaming\MiKTeX\2.9\tex\generic\pgfplots\liststructure\p
gfplotsmatrix.code.tex)
(C:\Users\UNBSJ\AppData\Roaming\MiKTeX\2.9\tex\generic\pgfplots\numtable\pgfplo
tstableshared.code.tex
\c@pgfplotstable@counta=\count290
\t@pgfplotstable@a=\toks72
)
(C:\Users\UNBSJ\AppData\Roaming\MiKTeX\2.9\tex\generic\pgfplots\liststructure\p
gfplotsdeque.code.tex)
(C:\Users\UNBSJ\AppData\Roaming\MiKTeX\2.9\tex\generic\pgfplots\util\pgfplotsbi
nary.code.tex
(C:\Users\UNBSJ\AppData\Roaming\MiKTeX\2.9\tex\generic\pgfplots\util\pgfplotsbi
nary.data.code.tex))
(C:\Users\UNBSJ\AppData\Roaming\MiKTeX\2.9\tex\generic\pgfplots\util\pgfplotsut
il.verb.code.tex)
(C:\Users\UNBSJ\AppData\Roaming\MiKTeX\2.9\tex\generic\pgfplots\libs\pgflibrary
pgfplots.surfshading.code.tex
\c@pgfplotslibrarysurf@no=\count291

(C:\Users\UNBSJ\AppData\Roaming\MiKTeX\2.9\tex\generic\pgfplots\sys\pgflibraryp
gfplots.surfshading.pgfsys-pdftex.def)))
(C:\Users\UNBSJ\AppData\Roaming\MiKTeX\2.9\tex\generic\pgfplots\util\pgfplotsco
lormap.code.tex
(C:\Users\UNBSJ\AppData\Roaming\MiKTeX\2.9\tex\generic\pgfplots\util\pgfplotsco
lor.code.tex))
(C:\Users\UNBSJ\AppData\Roaming\MiKTeX\2.9\tex\generic\pgfplots\pgfplotsstacked
plots.code.tex)
(C:\Users\UNBSJ\AppData\Roaming\MiKTeX\2.9\tex\generic\pgfplots\pgfplotsplothan
dlers.code.tex
(C:\Users\UNBSJ\AppData\Roaming\MiKTeX\2.9\tex\generic\pgfplots\pgfplotsmeshplo
thandler.code.tex))
(C:\Users\UNBSJ\AppData\Roaming\MiKTeX\2.9\tex\generic\pgfplots\pgfplots.scalin
g.code.tex)
(C:\Users\UNBSJ\AppData\Roaming\MiKTeX\2.9\tex\generic\pgfplots\pgfplotscoordpr
ocessing.code.tex)
(C:\Users\UNBSJ\AppData\Roaming\MiKTeX\2.9\tex\generic\pgfplots\pgfplots.errorb
ars.code.tex)
(C:\Users\UNBSJ\AppData\Roaming\MiKTeX\2.9\tex\generic\pgfplots\pgfplots.marker
s.code.tex)
(C:\Users\UNBSJ\AppData\Roaming\MiKTeX\2.9\tex\generic\pgfplots\pgfplotsticks.c
ode.tex)
(C:\Users\UNBSJ\AppData\Roaming\MiKTeX\2.9\tex\generic\pgfplots\pgfplots.paths.
code.tex)
(C:\Users\UNBSJ\AppData\Roaming\MiKTeX\2.9\tex\generic\pgf\frontendlayer\tikz\l
ibraries\tikzlibrarydecorations.code.tex
(C:\Users\UNBSJ\AppData\Roaming\MiKTeX\2.9\tex\generic\pgf\modules\pgfmoduledec
orations.code.tex
\pgfdecoratedcompleteddistance=\dimen311
\pgfdecoratedremainingdistance=\dimen312
\pgfdecoratedinputsegmentcompleteddistance=\dimen313
\pgfdecoratedinputsegmentremainingdistance=\dimen314
\pgf@decorate@distancetomove=\dimen315
\pgf@decorate@repeatstate=\count292
\pgfdecorationsegmentamplitude=\dimen316
\pgfdecorationsegmentlength=\dimen317
)
\tikz@lib@dec@box=\box72
)
(C:\Users\UNBSJ\AppData\Roaming\MiKTeX\2.9\tex\generic\pgf\frontendlayer\tikz\l
ibraries\tikzlibrarydecorations.pathmorphing.code.tex
(C:\Users\UNBSJ\AppData\Roaming\MiKTeX\2.9\tex\generic\pgf\libraries\decoration
s\pgflibrarydecorations.pathmorphing.code.tex))
(C:\Users\UNBSJ\AppData\Roaming\MiKTeX\2.9\tex\generic\pgf\frontendlayer\tikz\l
ibraries\tikzlibrarydecorations.pathreplacing.code.tex
(C:\Users\UNBSJ\AppData\Roaming\MiKTeX\2.9\tex\generic\pgf\libraries\decoration
s\pgflibrarydecorations.pathreplacing.code.tex))
\pgfplots@numplots=\count293
\pgfplots@xmin@reg=\dimen318
\pgfplots@xmax@reg=\dimen319
\pgfplots@ymin@reg=\dimen320
\pgfplots@ymax@reg=\dimen321
\pgfplots@zmin@reg=\dimen322
\pgfplots@zmax@reg=\dimen323
)
(C:\Users\UNBSJ\AppData\Roaming\MiKTeX\2.9\tex\generic\pgf\frontendlayer\tikz\l
ibraries\tikzlibraryplotmarks.code.tex
File: tikzlibraryplotmarks.code.tex 2008/01/09 v2.10 (rcs-revision 1.1)

(C:\Users\UNBSJ\AppData\Roaming\MiKTeX\2.9\tex\generic\pgf\libraries\pgflibrary
plotmarks.code.tex
File: pgflibraryplotmarks.code.tex 2010/10/15 v2.10 (rcs-revision 1.12)
)))
(C:\Users\UNBSJ\AppData\Roaming\MiKTeX\2.9\tex\latex\booktabs\booktabs.sty
Package: booktabs 2005/04/14 v1.61803 publication quality tables
\heavyrulewidth=\dimen324
\lightrulewidth=\dimen325
\cmidrulewidth=\dimen326
\belowrulesep=\dimen327
\belowbottomsep=\dimen328
\aboverulesep=\dimen329
\abovetopsep=\dimen330
\cmidrulesep=\dimen331
\cmidrulekern=\dimen332
\defaultaddspace=\dimen333
\@cmidla=\count294
\@cmidlb=\count295
\@aboverulesep=\dimen334
\@belowrulesep=\dimen335
\@thisruleclass=\count296
\@lastruleclass=\count297
\@thisrulewidth=\dimen336
)
(C:\Users\UNBSJ\AppData\Roaming\MiKTeX\2.9\tex\latex\l3packages\xparse\xparse.s
ty (C:\Users\UNBSJ\AppData\Roaming\MiKTeX\2.9\tex\latex\l3kernel\expl3.sty
Package: expl3 2014/11/25 v5471 L3 programming layer (loader) 

(C:\Users\UNBSJ\AppData\Roaming\MiKTeX\2.9\tex\latex\l3kernel\expl3-code.tex
Package: expl3 2014/11/25 v5471 L3 programming layer (code) 
L3 Module: l3bootstrap 2014/08/23 v5354 L3 Bootstrap code
L3 Module: l3names 2014/08/22 v5343 L3 Namespace for primitives
L3 Module: l3basics 2014/08/24 v5364 L3 Basic definitions
L3 Module: l3expan 2014/08/22 v5349 L3 Argument expansion
L3 Module: l3tl 2014/11/19 v5460 L3 Token lists
L3 Module: l3str 2014/08/24 v5368 L3 Strings
L3 Module: l3seq 2014/08/23 v5354 L3 Sequences and stacks
L3 Module: l3int 2014/09/14 v5421 L3 Integers
\c_max_int=\count298
\l_tmpa_int=\count299
\l_tmpb_int=\count300
\g_tmpa_int=\count301
\g_tmpb_int=\count302
L3 Module: l3quark 2014/08/23 v5354 L3 Quarks
L3 Module: l3prg 2014/08/23 v5354 L3 Control structures
\g__prg_map_int=\count303
L3 Module: l3clist 2014/08/23 v5354 L3 Comma separated lists
L3 Module: l3token 2014/09/15 v5422 L3 Experimental token manipulation
L3 Module: l3prop 2014/08/23 v5354 L3 Property lists
L3 Module: l3msg 2014/08/24 v5358 L3 Messages
L3 Module: l3file 2014/08/24 v5369 L3 File and I/O operations
\l_iow_line_count_int=\count304
\l__iow_target_count_int=\count305
\l__iow_current_line_int=\count306
\l__iow_current_word_int=\count307
\l__iow_current_indentation_int=\count308
L3 Module: l3skip 2014/08/23 v5354 L3 Dimensions and skips
\c_zero_dim=\dimen337
\c_max_dim=\dimen338
\l_tmpa_dim=\dimen339
\l_tmpb_dim=\dimen340
\g_tmpa_dim=\dimen341
\g_tmpb_dim=\dimen342
\c_zero_skip=\skip64
\c_max_skip=\skip65
\l_tmpa_skip=\skip66
\l_tmpb_skip=\skip67
\g_tmpa_skip=\skip68
\g_tmpb_skip=\skip69
\c_zero_muskip=\muskip12
\c_max_muskip=\muskip13
\l_tmpa_muskip=\muskip14
\l_tmpb_muskip=\muskip15
\g_tmpa_muskip=\muskip16
\g_tmpb_muskip=\muskip17
L3 Module: l3keys 2014/08/23 v5354 L3 Key-value interfaces
\g__keyval_level_int=\count309
\l_keys_choice_int=\count310
L3 Module: l3fp 2014/08/22 v5336 L3 Floating points
\c__fp_leading_shift_int=\count311
\c__fp_middle_shift_int=\count312
\c__fp_trailing_shift_int=\count313
\c__fp_big_leading_shift_int=\count314
\c__fp_big_middle_shift_int=\count315
\c__fp_big_trailing_shift_int=\count316
\c__fp_Bigg_leading_shift_int=\count317
\c__fp_Bigg_middle_shift_int=\count318
\c__fp_Bigg_trailing_shift_int=\count319
L3 Module: l3box 2014/08/23 v5354 L3 Experimental boxes
\c_empty_box=\box73
\l_tmpa_box=\box74
\l_tmpb_box=\box75
\g_tmpa_box=\box76
\g_tmpb_box=\box77
L3 Module: l3coffins 2014/08/23 v5354 L3 Coffin code layer
\l__coffin_internal_box=\box78
\l__coffin_internal_dim=\dimen343
\l__coffin_offset_x_dim=\dimen344
\l__coffin_offset_y_dim=\dimen345
\l__coffin_x_dim=\dimen346
\l__coffin_y_dim=\dimen347
\l__coffin_x_prime_dim=\dimen348
\l__coffin_y_prime_dim=\dimen349
\c_empty_coffin=\box79
\l__coffin_aligned_coffin=\box80
\l__coffin_aligned_internal_coffin=\box81
\l_tmpa_coffin=\box82
\l_tmpb_coffin=\box83
\l__coffin_display_coffin=\box84
\l__coffin_display_coord_coffin=\box85
\l__coffin_display_pole_coffin=\box86
\l__coffin_display_offset_dim=\dimen350
\l__coffin_display_x_dim=\dimen351
\l__coffin_display_y_dim=\dimen352
L3 Module: l3color 2014/08/23 v5354 L3 Experimental color support
L3 Module: l3candidates 2014/11/23 v5466 L3 Experimental additions to l3kernel
\l__box_top_dim=\dimen353
\l__box_bottom_dim=\dimen354
\l__box_left_dim=\dimen355
\l__box_right_dim=\dimen356
\l__box_top_new_dim=\dimen357
\l__box_bottom_new_dim=\dimen358
\l__box_left_new_dim=\dimen359
\l__box_right_new_dim=\dimen360
\l__box_internal_box=\box87
\l__coffin_bounding_shift_dim=\dimen361
\l__coffin_left_corner_dim=\dimen362
\l__coffin_right_corner_dim=\dimen363
\l__coffin_bottom_corner_dim=\dimen364
\l__coffin_top_corner_dim=\dimen365
\l__coffin_scaled_total_height_dim=\dimen366
\l__coffin_scaled_width_dim=\dimen367
)
(C:\Users\UNBSJ\AppData\Roaming\MiKTeX\2.9\tex\latex\l3kernel\l3unicode-data.de
f
File: l3unicode-data.def 2014/11/23 v5465 L3 Unicode data
) (C:\Users\UNBSJ\AppData\Roaming\MiKTeX\2.9\tex\latex\l3kernel\l3pdfmode.def
File: l3pdfmode.def 2014/11/23 v5466 L3 Experimental driver: PDF mode
\l__driver_color_stack_int=\count320
))
Package: xparse 2014/11/25 v5471 L3 Experimental document command parser
\l__xparse_current_arg_int=\count321
\l__xparse_m_args_int=\count322
\l__xparse_mandatory_args_int=\count323
\l__xparse_processor_int=\count324
\l__xparse_v_nesting_int=\count325
) ("C:\Program Files\MiKTeX 2.9\tex\latex\beamer\base\multimedia\multimedia.sty
"
Package: multimedia 2012/05/02 ver 0.02
\mm@movie=\count326
)
.................................................
. LaTeX info: "xparse/define-command"
. 
. Defining command \DrawArrow with sig. 's O{} m m m' on line 66.
.................................................

("C:\Program Files\MiKTeX 2.9\tex\latex\beamer\base\themes\font\beamerfonttheme
serif.sty")
("C:\Program Files\MiKTeX 2.9\tex\latex\beamer\base\themes\theme\beamerthemeSin
gapore.sty"
("C:\Program Files\MiKTeX 2.9\tex\latex\beamer\base\themes\outer\beamerouterthe
meminiframes.sty")) ("C:\Program Files\MiKTeX 2.9\tex\latex\base\fontenc.sty"
Package: fontenc 2005/09/27 v1.99g Standard LaTeX package

("C:\Program Files\MiKTeX 2.9\tex\latex\base\t1enc.def"
File: t1enc.def 2005/09/27 v1.99g Standard LaTeX file
LaTeX Font Info:    Redeclaring font encoding T1 on input line 43.
))
("C:\Users\UNBSJ\OneDrive\texed\files\courses\Calculus Slides Latex\Math 1003 a
nd 1013\lectures\Math1003-Fall2014\M1003_2014_Fall.aux")
LaTeX Font Info:    Checking defaults for OML/cmm/m/it on input line 126.
LaTeX Font Info:    ... okay on input line 126.
LaTeX Font Info:    Checking defaults for T1/cmr/m/n on input line 126.
LaTeX Font Info:    ... okay on input line 126.
LaTeX Font Info:    Checking defaults for OT1/cmr/m/n on input line 126.
LaTeX Font Info:    ... okay on input line 126.
LaTeX Font Info:    Checking defaults for OMS/cmsy/m/n on input line 126.
LaTeX Font Info:    ... okay on input line 126.
LaTeX Font Info:    Checking defaults for OMX/cmex/m/n on input line 126.
LaTeX Font Info:    ... okay on input line 126.
LaTeX Font Info:    Checking defaults for U/cmr/m/n on input line 126.
LaTeX Font Info:    ... okay on input line 126.
LaTeX Font Info:    Checking defaults for PD1/pdf/m/n on input line 126.
LaTeX Font Info:    ... okay on input line 126.
LaTeX Font Info:    Try loading font information for T1+phv on input line 126.

("C:\Program Files\MiKTeX 2.9\tex\latex\psnfss\t1phv.fd"
File: t1phv.fd 2001/06/04 scalable font definitions for T1/phv.
)
*geometry* driver: auto-detecting
*geometry* detected driver: pdftex
*geometry* verbose mode - [ preamble ] result:
* driver: pdftex
* paper: custom
* layout: <same size as paper>
* layoutoffset:(h,v)=(0.0pt,0.0pt)
* modes: includehead includefoot 
* h-part:(L,W,R)=(11.38092pt, 341.43352pt, 11.38092pt)
* v-part:(T,H,B)=(0.0pt, 273.14662pt, 0.0pt)
* \paperwidth=364.19536pt
* \paperheight=273.14662pt
* \textwidth=341.43352pt
* \textheight=244.6939pt
* \oddsidemargin=-60.88907pt
* \evensidemargin=-60.88907pt
* \topmargin=-72.26999pt
* \headheight=14.22636pt
* \headsep=0.0pt
* \topskip=10.0pt
* \footskip=14.22636pt
* \marginparwidth=3.0pt
* \marginparsep=11.0pt
* \columnsep=10.0pt
* \skip\footins=9.0pt plus 4.0pt minus 2.0pt
* \hoffset=0.0pt
* \voffset=0.0pt
* \mag=1000
* \@twocolumnfalse
* \@twosidefalse
* \@mparswitchfalse
* \@reversemarginfalse
* (1in=72.27pt=25.4mm, 1cm=28.453pt)

(C:\Users\UNBSJ\AppData\Roaming\MiKTeX\2.9\tex\context\base\supp-pdf.mkii
[Loading MPS to PDF converter (version 2006.09.02).]
\scratchcounter=\count327
\scratchdimen=\dimen368
\scratchbox=\box88
\nofMPsegments=\count328
\nofMParguments=\count329
\everyMPshowfont=\toks73
\MPscratchCnt=\count330
\MPscratchDim=\dimen369
\MPnumerator=\count331
\makeMPintoPDFobject=\count332
\everyMPtoPDFconversion=\toks74
) ABD: EveryShipout initializing macros
\AtBeginShipoutBox=\box89
Package hyperref Info: Link coloring OFF on input line 126.

("C:\Program Files\MiKTeX 2.9\tex\latex\hyperref\nameref.sty"
Package: nameref 2012/10/27 v2.43 Cross-referencing by name of section

("C:\Program Files\MiKTeX 2.9\tex\generic\oberdiek\gettitlestring.sty"
Package: gettitlestring 2010/12/03 v1.4 Cleanup title references (HO)
)
\c@section@level=\count333
)
LaTeX Info: Redefining \ref on input line 126.
LaTeX Info: Redefining \pageref on input line 126.
LaTeX Info: Redefining \nameref on input line 126.

("C:\Users\UNBSJ\OneDrive\texed\files\courses\Calculus Slides Latex\Math 1003 a
nd 1013\lectures\Math1003-Fall2014\M1003_2014_Fall.out")
("C:\Users\UNBSJ\OneDrive\texed\files\courses\Calculus Slides Latex\Math 1003 a
nd 1013\lectures\Math1003-Fall2014\M1003_2014_Fall.out")
\@outlinefile=\write9
\symnumbers=\mathgroup11
\sympureletters=\mathgroup12
LaTeX Font Info:    Overwriting math alphabet `\mathrm' in version `normal'
(Font)                  OT1/cmr/m/n --> T1/ptm/m/n on input line 126.
LaTeX Font Info:    Redeclaring math alphabet \mathbf on input line 126.
LaTeX Font Info:    Redeclaring math alphabet \mathsf on input line 126.
LaTeX Font Info:    Overwriting math alphabet `\mathsf' in version `normal'
(Font)                  OT1/cmss/m/n --> T1/phv/m/n on input line 126.
LaTeX Font Info:    Overwriting math alphabet `\mathsf' in version `bold'
(Font)                  OT1/cmss/bx/n --> T1/phv/m/n on input line 126.
LaTeX Font Info:    Redeclaring math alphabet \mathit on input line 126.
LaTeX Font Info:    Overwriting math alphabet `\mathit' in version `normal'
(Font)                  OT1/cmr/m/it --> T1/ptm/m/it on input line 126.
LaTeX Font Info:    Overwriting math alphabet `\mathit' in version `bold'
(Font)                  OT1/cmr/bx/it --> T1/ptm/m/it on input line 126.
LaTeX Font Info:    Redeclaring math alphabet \mathtt on input line 126.
LaTeX Font Info:    Overwriting math alphabet `\mathtt' in version `normal'
(Font)                  OT1/cmtt/m/n --> T1/pcr/m/n on input line 126.
LaTeX Font Info:    Overwriting math alphabet `\mathtt' in version `bold'
(Font)                  OT1/cmtt/m/n --> T1/pcr/m/n on input line 126.
LaTeX Font Info:    Overwriting symbol font `numbers' in version `bold'
(Font)                  T1/ptm/m/n --> T1/ptm/bx/n on input line 126.
LaTeX Font Info:    Overwriting symbol font `pureletters' in version `bold'
(Font)                  T1/ptm/m/it --> T1/ptm/bx/it on input line 126.
LaTeX Font Info:    Overwriting math alphabet `\mathrm' in version `bold'
(Font)                  OT1/cmr/bx/n --> T1/ptm/bx/n on input line 126.
LaTeX Font Info:    Overwriting math alphabet `\mathbf' in version `bold'
(Font)                  T1/ptm/bx/n --> T1/ptm/bx/n on input line 126.
LaTeX Font Info:    Overwriting math alphabet `\mathsf' in version `bold'
(Font)                  T1/phv/m/n --> T1/phv/bx/n on input line 126.
LaTeX Font Info:    Overwriting math alphabet `\mathit' in version `bold'
(Font)                  T1/ptm/m/it --> T1/ptm/bx/it on input line 126.
LaTeX Font Info:    Overwriting math alphabet `\mathtt' in version `bold'
(Font)                  T1/pcr/m/n --> T1/pcr/bx/n on input line 126.

("C:\Program Files\MiKTeX 2.9\tex\latex\beamer\base\translator\dicts\translator
-basic-dictionary\translator-basic-dictionary-English.dict"
Dictionary: translator-basic-dictionary, Language: English 
)
("C:\Program Files\MiKTeX 2.9\tex\latex\beamer\base\translator\dicts\translator
-bibliography-dictionary\translator-bibliography-dictionary-English.dict"
Dictionary: translator-bibliography-dictionary, Language: English 
)
("C:\Program Files\MiKTeX 2.9\tex\latex\beamer\base\translator\dicts\translator
-environment-dictionary\translator-environment-dictionary-English.dict"
Dictionary: translator-environment-dictionary, Language: English 
)
("C:\Program Files\MiKTeX 2.9\tex\latex\beamer\base\translator\dicts\translator
-months-dictionary\translator-months-dictionary-English.dict"
Dictionary: translator-months-dictionary, Language: English 
)
("C:\Program Files\MiKTeX 2.9\tex\latex\beamer\base\translator\dicts\translator
-numbers-dictionary\translator-numbers-dictionary-English.dict"
Dictionary: translator-numbers-dictionary, Language: English 
)
("C:\Program Files\MiKTeX 2.9\tex\latex\beamer\base\translator\dicts\translator
-theorem-dictionary\translator-theorem-dictionary-English.dict"
Dictionary: translator-theorem-dictionary, Language: English 
)
LaTeX Info: Redefining \includegraphics on input line 126.
LaTeX Font Info:    Try loading font information for U+msa on input line 126.

("C:\Program Files\MiKTeX 2.9\tex\latex\amsfonts\umsa.fd"
File: umsa.fd 2013/01/14 v3.01 AMS symbols A
)
LaTeX Font Info:    Try loading font information for U+msb on input line 126.

("C:\Program Files\MiKTeX 2.9\tex\latex\amsfonts\umsb.fd"
File: umsb.fd 2013/01/14 v3.01 AMS symbols B
)
LaTeX Font Info:    Try loading font information for U+wasy on input line 126.

(C:\Users\UNBSJ\AppData\Roaming\MiKTeX\2.9\tex\latex\wasysym\uwasy.fd
File: uwasy.fd 2003/10/30 v2.0 Wasy-2 symbol font definitions
)

LaTeX Font Warning: Font shape `U/wasy/b/n' in size <7> not available
(Font)              Font shape `U/wasy/m/n' tried instead on input line 126.


LaTeX Font Warning: Font shape `U/wasy/b/n' in size <5> not available
(Font)              Font shape `U/wasy/m/n' tried instead on input line 126.

LaTeX Font Info:    Try loading font information for T1+ptm on input line 126.
("C:\Program Files\MiKTeX 2.9\tex\latex\psnfss\t1ptm.fd"
File: t1ptm.fd 2001/06/04 font definitions for T1/ptm.
)
Package xypdf Info: Line width: 0.39998pt on input line 126.

Preview: Fontsize 10pt
Preview: PDFoutput 1

Package pgfplots Warning: running in backwards compatibility mode (unsuitable t
ick labels; missing features). Consider writing \pgfplotsset{compat=1.10} into 
your preamble.
 on input line 126.


("C:\Users\UNBSJ\OneDrive\texed\files\courses\Calculus Slides Latex\Math 1003 a
nd 1013\lectures\Math1003-Fall2014\M1003_2014_Fall.nav")

Package hyperref Warning: Option `pdfauthor' has already been used,
(hyperref)                setting the option has no effect on input line 279.


("C:\Users\UNBSJ\OneDrive\texed\files\courses\Calculus Slides Latex\Math 1003 a
nd 1013\lectures\Math1003-Fall2014\M1003_2014_Fall.toc")
("C:\Users\UNBSJ\OneDrive\texed\files\courses\Calculus Slides Latex\Math 1003 a
nd 1013\modules\inverse-functions\one-to-one-def.tex"
<M1003_2014_Fall-pics.pdf, id=135, page=1, 164.615pt x 134.5025pt>
File: M1003_2014_Fall-pics.pdf Graphic file (type pdf)

<use M1003_2014_Fall-pics.pdf, page 1>
Package pdftex.def Info: M1003_2014_Fall-pics.pdf, page1 used on input line 38.

(pdftex.def)             Requested size: 164.6146pt x 134.50215pt.
 [3{C:/Users/UNBSJ/AppData/Local/MiKTeX/2.9/pdftex/config/pdftex.map}


Non-PDF special ignored!
Non-PDF special ignored!

])
("C:\Users\UNBSJ\OneDrive\texed\files\courses\Calculus Slides Latex\Math 1003 a
nd 1013\modules\inverse-functions\horizontal-line-test.tex"
<M1003_2014_Fall-pics.pdf, id=206, page=2, 120.45pt x 120.45pt>
File: M1003_2014_Fall-pics.pdf Graphic file (type pdf)

<use M1003_2014_Fall-pics.pdf, page 2>
Package pdftex.def Info: M1003_2014_Fall-pics.pdf, page2 used on input line 34.

(pdftex.def)             Requested size: 120.44969pt x 120.44969pt.

<M1003_2014_Fall-pics.pdf, id=207, page=3, 120.45pt x 127.47626pt>
File: M1003_2014_Fall-pics.pdf Graphic file (type pdf)

<use M1003_2014_Fall-pics.pdf, page 3>
Package pdftex.def Info: M1003_2014_Fall-pics.pdf, page3 used on input line 34.

(pdftex.def)             Requested size: 120.44969pt x 127.47594pt.
)

Package hyperref Warning: Token not allowed in a PDF string (PDFDocEncoding):
(hyperref)                removing `math shift' on input line 279.


Package hyperref Warning: Token not allowed in a PDF string (PDFDocEncoding):
(hyperref)                removing `math shift' on input line 279.


("C:\Users\UNBSJ\OneDrive\texed\files\courses\Calculus Slides Latex\Math 1003 a
nd 1013\modules\inverse-functions\inverse-function-def.tex"

LaTeX Font Warning: Font shape `U/wasy/b/n' in size <8> not available
(Font)              Font shape `U/wasy/m/n' tried instead on input line 30.


LaTeX Font Warning: Font shape `U/wasy/b/n' in size <6> not available
(Font)              Font shape `U/wasy/m/n' tried instead on input line 30.

LaTeX Font Info:    Try loading font information for OMS+phv on input line 30.
("C:\Program Files\MiKTeX 2.9\tex\latex\psnfss\omsphv.fd"
File: omsphv.fd 
)
LaTeX Font Info:    Font shape `OMS/phv/m/n' in size <9> not available
(Font)              Font shape `OMS/cmsy/m/n' tried instead on input line 30.
 [5


 <C:/Users/UNBSJ/OneDrive/texed/files/courses/Calculus Slides Latex/Math 1003 a
nd 1013/lectures/Math1003-Fall2014/M1003_2014_Fall-pics.pdf> <C:/Users/UNBSJ/On
eDrive/texed/files/courses/Calculus Slides Latex/Math 1003 and 1013/lectures/Ma
th1003-Fall2014/M1003_2014_Fall-pics.pdf> <C:/Users/UNBSJ/OneDrive/texed/files/
courses/Calculus Slides Latex/Math 1003 and 1013/lectures/Math1003-Fall2014/M10
03_2014_Fall-pics.pdf>])
("C:\Users\UNBSJ\OneDrive\texed\files\courses\Calculus Slides Latex\Math 1003 a
nd 1013\modules\inverse-functions\inverse-notation-warning.tex"
LaTeX Font Info:    Font shape `T1/phv/bx/n' in size <10> not available
(Font)              Font shape `T1/phv/b/n' tried instead on input line 35.

Overfull \vbox (195.40521pt too high) detected at line 35
 []

)
("C:\Users\UNBSJ\OneDrive\texed\files\courses\Calculus Slides Latex\Math 1003 a
nd 1013\modules\inverse-functions\inverse-function-equations.tex"
<M1003_2014_Fall-pics.pdf, id=327, page=4, 314.17375pt x 48.18pt>
File: M1003_2014_Fall-pics.pdf Graphic file (type pdf)

<use M1003_2014_Fall-pics.pdf, page 4>
Package pdftex.def Info: M1003_2014_Fall-pics.pdf, page4 used on input line 64.

(pdftex.def)             Requested size: 314.17297pt x 48.17986pt.

<M1003_2014_Fall-pics.pdf, id=328, page=5, 323.2075pt x 47.17625pt>
File: M1003_2014_Fall-pics.pdf Graphic file (type pdf)

<use M1003_2014_Fall-pics.pdf, page 5>
Package pdftex.def Info: M1003_2014_Fall-pics.pdf, page5 used on input line 64.

(pdftex.def)             Requested size: 323.20671pt x 47.17612pt.
 [7


])
("C:\Users\UNBSJ\OneDrive\texed\files\courses\Calculus Slides Latex\Math 1003 a
nd 1013\modules\inverse-functions\inverse-function-solve-for-version2.tex")
("C:\Users\UNBSJ\OneDrive\texed\files\courses\Calculus Slides Latex\Math 1003 a
nd 1013\modules\inverse-functions\guess-and-check.tex" [9


 <C:/Users/UNBSJ/OneDrive/texed/files/courses/Calculus Slides Latex/Math 1003 a
nd 1013/lectures/Math1003-Fall2014/M1003_2014_Fall-pics.pdf> <C:/Users/UNBSJ/On
eDrive/texed/files/courses/Calculus Slides Latex/Math 1003 and 1013/lectures/Ma
th1003-Fall2014/M1003_2014_Fall-pics.pdf>])
("C:\Users\UNBSJ\OneDrive\texed\files\courses\Calculus Slides Latex\Math 1003 a
nd 1013\modules\inverse-functions\inverse-function-graph.tex"
<M1003_2014_Fall-pics.pdf, id=462, page=6, 143.53625pt x 134.5025pt>
File: M1003_2014_Fall-pics.pdf Graphic file (type pdf)

<use M1003_2014_Fall-pics.pdf, page 6>
Package pdftex.def Info: M1003_2014_Fall-pics.pdf, page6 used on input line 80.

(pdftex.def)             Requested size: 143.53589pt x 134.50215pt.

<M1003_2014_Fall-pics.pdf, id=463, page=7, 144.54pt x 134.5025pt>
File: M1003_2014_Fall-pics.pdf Graphic file (type pdf)

<use M1003_2014_Fall-pics.pdf, page 7>
Package pdftex.def Info: M1003_2014_Fall-pics.pdf, page7 used on input line 80.

(pdftex.def)             Requested size: 144.53963pt x 134.50215pt.
)
("C:\Users\UNBSJ\OneDrive\texed\files\courses\Calculus Slides Latex\Math 1003 a
nd 1013\modules\inverse-functions\inverse-function-ex5.tex"
<M1003_2014_Fall-pics.pdf, id=493, page=8, 129.48375pt x 143.53625pt>
File: M1003_2014_Fall-pics.pdf Graphic file (type pdf)

<use M1003_2014_Fall-pics.pdf, page 8>
Package pdftex.def Info: M1003_2014_Fall-pics.pdf, page8 used on input line 81.

(pdftex.def)             Requested size: 129.48341pt x 143.53589pt.
 [11


 <C:/Users/UNBSJ/OneDrive/texed/files/courses/Calculus Slides Latex/Math 1003 a
nd 1013/lectures/Math1003-Fall2014/M1003_2014_Fall-pics.pdf> <C:/Users/UNBSJ/On
eDrive/texed/files/courses/Calculus Slides Latex/Math 1003 and 1013/lectures/Ma
th1003-Fall2014/M1003_2014_Fall-pics.pdf>])
("C:\Users\UNBSJ\OneDrive\texed\files\courses\Calculus Slides Latex\Math 1003 a
nd 1013\modules\inverse-functions\inverse-function-solve-for-ex1-freeCalc.tex"
<M1003_2014_Fall-pics.pdf, id=557, page=9, 137.51375pt x 137.51375pt>
File: M1003_2014_Fall-pics.pdf Graphic file (type pdf)

<use M1003_2014_Fall-pics.pdf, page 9>
Package pdftex.def Info: M1003_2014_Fall-pics.pdf, page9 used on input line 79.

(pdftex.def)             Requested size: 137.51341pt x 137.51341pt.

Overfull \hbox (0.9421pt too wide) in paragraph at lines 79--79
[][][][] 
 []

)
("C:\Users\UNBSJ\OneDrive\texed\files\courses\Calculus Slides Latex\Math 1003 a
nd 1013\modules\logarithms\logarithm-def.tex"
<M1003_2014_Fall-pics.pdf, id=587, page=10, 125.46875pt x 126.4725pt>
File: M1003_2014_Fall-pics.pdf Graphic file (type pdf)

<use M1003_2014_Fall-pics.pdf, page 10>
Package pdftex.def Info: M1003_2014_Fall-pics.pdf, page10 used on input line 46
.
(pdftex.def)             Requested size: 125.46843pt x 126.47218pt.

Overfull \hbox (23.03734pt too wide) in paragraph at lines 46--46
[][]  
 []

[13


 <C:/Users/UNBSJ/OneDrive/texed/files/courses/Calculus Slides Latex/Math 1003 a
nd 1013/lectures/Math1003-Fall2014/M1003_2014_Fall-pics.pdf> <C:/Users/UNBSJ/On
eDrive/texed/files/courses/Calculus Slides Latex/Math 1003 and 1013/lectures/Ma
th1003-Fall2014/M1003_2014_Fall-pics.pdf>])
("C:\Users\UNBSJ\OneDrive\texed\files\courses\Calculus Slides Latex\Math 1003 a
nd 1013\modules\logarithms\logarithm-def-ex1.tex")
("C:\Users\UNBSJ\OneDrive\texed\files\courses\Calculus Slides Latex\Math 1003 a
nd 1013\modules\logarithms\log-and-exp.tex"
<M1003_2014_Fall-pics.pdf, id=682, page=11, 177.66376pt x 179.67125pt>
File: M1003_2014_Fall-pics.pdf Graphic file (type pdf)

<use M1003_2014_Fall-pics.pdf, page 11>
Package pdftex.def Info: M1003_2014_Fall-pics.pdf, page11 used on input line 32
.
(pdftex.def)             Requested size: 177.66331pt x 179.67079pt.
 [15


 <C:/Users/UNBSJ/OneDrive/texed/files/courses/Calculus Slides Latex/Math 1003 a
nd 1013/lectures/Math1003-Fall2014/M1003_2014_Fall-pics.pdf>])
("C:\Users\UNBSJ\OneDrive\texed\files\courses\Calculus Slides Latex\Math 1003 a
nd 1013\modules\logarithms\logarithm-graphs.tex"
<M1003_2014_Fall-pics.pdf, id=728, page=12, 228.855pt x 219.82124pt>
File: M1003_2014_Fall-pics.pdf Graphic file (type pdf)

<use M1003_2014_Fall-pics.pdf, page 12>
Package pdftex.def Info: M1003_2014_Fall-pics.pdf, page12 used on input line 43
.
(pdftex.def)             Requested size: 228.85443pt x 219.8207pt.
)
("C:\Users\UNBSJ\OneDrive\texed\files\courses\Calculus Slides Latex\Math 1003 a
nd 1013\modules\logarithms\logarithm-properties.tex"
LaTeX Font Info:    Font shape `T1/phv/m/it' in size <10> not available
(Font)              Font shape `T1/phv/m/sl' tried instead on input line 15.
 [17


 <C:/Users/UNBSJ/OneDrive/texed/files/courses/Calculus Slides Latex/Math 1003 a
nd 1013/lectures/Math1003-Fall2014/M1003_2014_Fall-pics.pdf> <C:/Users/UNBSJ/On
eDrive/texed/files/courses/Calculus Slides Latex/Math 1003 and 1013/lectures/Ma
th1003-Fall2014/M1003_2014_Fall-pics.pdf>])
("C:\Users\UNBSJ\OneDrive\texed\files\courses\Calculus Slides Latex\Math 1003 a
nd 1013\modules\logarithms\logarithm-properties-ex2.tex")
("C:\Users\UNBSJ\OneDrive\texed\files\courses\Calculus Slides Latex\Math 1003 a
nd 1013\modules\logarithms\natural-logarithm-def.tex"
<M1003_2014_Fall-pics.pdf, id=841, page=13, 144.54pt x 144.54pt>
File: M1003_2014_Fall-pics.pdf Graphic file (type pdf)

<use M1003_2014_Fall-pics.pdf, page 13>
Package pdftex.def Info: M1003_2014_Fall-pics.pdf, page13 used on input line 36
.
(pdftex.def)             Requested size: 144.53963pt x 144.53963pt.
 [19


])
("C:\Users\UNBSJ\OneDrive\texed\files\courses\Calculus Slides Latex\Math 1003 a
nd 1013\modules\logarithms\natural-logarithm-def-ex5.tex")
("C:\Users\UNBSJ\OneDrive\texed\files\courses\Calculus Slides Latex\Math 1003 a
nd 1013\modules\logarithms\natural-logarithm-def-ex-exponent-quadratic1.tex"
[21


 <C:/Users/UNBSJ/OneDrive/texed/files/courses/Calculus Slides Latex/Math 1003 a
nd 1013/lectures/Math1003-Fall2014/M1003_2014_Fall-pics.pdf>])
("C:\Users\UNBSJ\OneDrive\texed\files\courses\Calculus Slides Latex\Math 1003 a
nd 1013\modules\logarithms\natural-logarithm-def-ex8.tex"
<M1003_2014_Fall-pics.pdf, id=954, page=14, 186.6975pt x 157.58875pt>
File: M1003_2014_Fall-pics.pdf Graphic file (type pdf)

<use M1003_2014_Fall-pics.pdf, page 14>
Package pdftex.def Info: M1003_2014_Fall-pics.pdf, page14 used on input line 56
.
(pdftex.def)             Requested size: 186.69704pt x 157.58835pt.
)
("C:\Users\UNBSJ\OneDrive\texed\files\courses\Calculus Slides Latex\Math 1003 a
nd 1013\modules\inverse-trig\arcsin-def.tex"
<M1003_2014_Fall-pics.pdf, id=984, page=15, 240.9pt x 62.2325pt>
File: M1003_2014_Fall-pics.pdf Graphic file (type pdf)

<use M1003_2014_Fall-pics.pdf, page 15>
Package pdftex.def Info: M1003_2014_Fall-pics.pdf, page15 used on input line 70
.
(pdftex.def)             Requested size: 240.8994pt x 62.23235pt.

<M1003_2014_Fall-pics.pdf, id=985, page=16, 88.33pt x 116.435pt>
File: M1003_2014_Fall-pics.pdf Graphic file (type pdf)

<use M1003_2014_Fall-pics.pdf, page 16>
Package pdftex.def Info: M1003_2014_Fall-pics.pdf, page16 used on input line 70
.
(pdftex.def)             Requested size: 88.32977pt x 116.43471pt.
 [23


 <C:/Users/UNBSJ/OneDrive/texed/files/courses/Calculus Slides Latex/Math 1003 a
nd 1013/lectures/Math1003-Fall2014/M1003_2014_Fall-pics.pdf>])
("C:\Users\UNBSJ\OneDrive\texed\files\courses\Calculus Slides Latex\Math 1003 a
nd 1013\modules\inverse-trig\arcsin-properties.tex"
<M1003_2014_Fall-pics.pdf, id=1035, page=17, 173.64874pt x 229.85875pt>
File: M1003_2014_Fall-pics.pdf Graphic file (type pdf)

<use M1003_2014_Fall-pics.pdf, page 17>
Package pdftex.def Info: M1003_2014_Fall-pics.pdf, page17 used on input line 38
.
(pdftex.def)             Requested size: 173.64832pt x 229.85817pt.

Overfull \hbox (2.93156pt too wide) in paragraph at lines 38--38
[][]  
 []

)
("C:\Users\UNBSJ\OneDrive\texed\files\courses\Calculus Slides Latex\Math 1003 a
nd 1013\modules\inverse-trig\arcsin-sin-ex1.tex" [25


 <C:/Users/UNBSJ/OneDrive/texed/files/courses/Calculus Slides Latex/Math 1003 a
nd 1013/lectures/Math1003-Fall2014/M1003_2014_Fall-pics.pdf> <C:/Users/UNBSJ/On
eDrive/texed/files/courses/Calculus Slides Latex/Math 1003 and 1013/lectures/Ma
th1003-Fall2014/M1003_2014_Fall-pics.pdf> <C:/Users/UNBSJ/OneDrive/texed/files/
courses/Calculus Slides Latex/Math 1003 and 1013/lectures/Math1003-Fall2014/M10
03_2014_Fall-pics.pdf>])
("C:\Users\UNBSJ\OneDrive\texed\files\courses\Calculus Slides Latex\Math 1003 a
nd 1013\modules\inverse-trig\arcsin-ex1.tex"
<M1003_2014_Fall-pics.pdf, id=1152, page=18, 151.56625pt x 71.26625pt>
File: M1003_2014_Fall-pics.pdf Graphic file (type pdf)

<use M1003_2014_Fall-pics.pdf, page 18>
Package pdftex.def Info: M1003_2014_Fall-pics.pdf, page18 used on input line 45
.
(pdftex.def)             Requested size: 151.56587pt x 71.26605pt.
)
("C:\Users\UNBSJ\OneDrive\texed\files\courses\Calculus Slides Latex\Math 1003 a
nd 1013\modules\inverse-trig\arcsin-sin-ex2.tex"
<M1003_2014_Fall-pics.pdf, id=1182, page=19, 171.64125pt x 103.38625pt>
File: M1003_2014_Fall-pics.pdf Graphic file (type pdf)

<use M1003_2014_Fall-pics.pdf, page 19>
Package pdftex.def Info: M1003_2014_Fall-pics.pdf, page19 used on input line 49
.
(pdftex.def)             Requested size: 171.64081pt x 103.38599pt.
 [27


 <C:/Users/UNBSJ/OneDrive/texed/files/courses/Calculus Slides Latex/Math 1003 a
nd 1013/lectures/Math1003-Fall2014/M1003_2014_Fall-pics.pdf>])
("C:\Users\UNBSJ\OneDrive\texed\files\courses\Calculus Slides Latex\Math 1003 a
nd 1013\modules\inverse-trig\arccos-def.tex"
<M1003_2014_Fall-pics.pdf, id=1229, page=20, 242.9075pt x 84.315pt>
File: M1003_2014_Fall-pics.pdf Graphic file (type pdf)

<use M1003_2014_Fall-pics.pdf, page 20>
Package pdftex.def Info: M1003_2014_Fall-pics.pdf, page20 used on input line 68
.
(pdftex.def)             Requested size: 242.90689pt x 84.31477pt.

<M1003_2014_Fall-pics.pdf, id=1230, page=21, 125.46875pt x 145.54375pt>
File: M1003_2014_Fall-pics.pdf Graphic file (type pdf)

<use M1003_2014_Fall-pics.pdf, page 21>
Package pdftex.def Info: M1003_2014_Fall-pics.pdf, page21 used on input line 68
.
(pdftex.def)             Requested size: 125.46843pt x 145.54338pt.

Overfull \hbox (5.96461pt too wide) in paragraph at lines 68--68
[][][][][][]  
 []

)
("C:\Users\UNBSJ\OneDrive\texed\files\courses\Calculus Slides Latex\Math 1003 a
nd 1013\modules\inverse-trig\arccos-properties.tex"
<M1003_2014_Fall-pics.pdf, id=1260, page=22, 124.465pt x 145.54375pt>
File: M1003_2014_Fall-pics.pdf Graphic file (type pdf)

<use M1003_2014_Fall-pics.pdf, page 22>
Package pdftex.def Info: M1003_2014_Fall-pics.pdf, page22 used on input line 38
.
(pdftex.def)             Requested size: 124.46469pt x 145.54338pt.
 [29


 <C:/Users/UNBSJ/OneDrive/texed/files/courses/Calculus Slides Latex/Math 1003 a
nd 1013/lectures/Math1003-Fall2014/M1003_2014_Fall-pics.pdf> <C:/Users/UNBSJ/On
eDrive/texed/files/courses/Calculus Slides Latex/Math 1003 and 1013/lectures/Ma
th1003-Fall2014/M1003_2014_Fall-pics.pdf> <C:/Users/UNBSJ/OneDrive/texed/files/
courses/Calculus Slides Latex/Math 1003 and 1013/lectures/Math1003-Fall2014/M10
03_2014_Fall-pics.pdf>])
("C:\Users\UNBSJ\OneDrive\texed\files\courses\Calculus Slides Latex\Math 1003 a
nd 1013\modules\inverse-trig\arctan-def.tex"
<M1003_2014_Fall-pics.pdf, id=1344, page=23, 156.585pt x 129.48375pt>
File: M1003_2014_Fall-pics.pdf Graphic file (type pdf)

<use M1003_2014_Fall-pics.pdf, page 23>
Package pdftex.def Info: M1003_2014_Fall-pics.pdf, page23 used on input line 79
.
(pdftex.def)             Requested size: 156.58461pt x 129.48341pt.
)
("C:\Users\UNBSJ\OneDrive\texed\files\courses\Calculus Slides Latex\Math 1003 a
nd 1013\modules\inverse-trig\arctan-ex3.tex"
<M1003_2014_Fall-pics.pdf, id=1374, page=24, 129.48375pt x 100.375pt>
File: M1003_2014_Fall-pics.pdf Graphic file (type pdf)

<use M1003_2014_Fall-pics.pdf, page 24>
Package pdftex.def Info: M1003_2014_Fall-pics.pdf, page24 used on input line 35
.
(pdftex.def)             Requested size: 129.48341pt x 100.37474pt.
 [31


 <C:/Users/UNBSJ/OneDrive/texed/files/courses/Calculus Slides Latex/Math 1003 a
nd 1013/lectures/Math1003-Fall2014/M1003_2014_Fall-pics.pdf> <C:/Users/UNBSJ/On
eDrive/texed/files/courses/Calculus Slides Latex/Math 1003 and 1013/lectures/Ma
th1003-Fall2014/M1003_2014_Fall-pics.pdf>])
("C:\Users\UNBSJ\OneDrive\texed\files\courses\Calculus Slides Latex\Math 1003 a
nd 1013\modules\inverse-trig\arctan-ex4.tex")
("C:\Users\UNBSJ\OneDrive\texed\files\courses\Calculus Slides Latex\Math 1003 a
nd 1013\modules\inverse-trig\inverse-trig-summary.tex" [33


 <C:/Users/UNBSJ/OneDrive/texed/files/courses/Calculus Slides Latex/Math 1003 a
nd 1013/lectures/Math1003-Fall2014/M1003_2014_Fall-pics.pdf>]
<M1003_2014_Fall-pics.pdf, id=1521, page=25, 148.555pt x 149.55875pt>
File: M1003_2014_Fall-pics.pdf Graphic file (type pdf)

<use M1003_2014_Fall-pics.pdf, page 25>
Package pdftex.def Info: M1003_2014_Fall-pics.pdf, page25 used on input line 14
7.
(pdftex.def)             Requested size: 148.55463pt x 149.55838pt.

Overfull \hbox (1.74072pt too wide) in paragraph at lines 147--147
[][]  
 []

[35


 <C:/Users/UNBSJ/OneDrive/texed/files/courses/Calculus Slides Latex/Math 1003 a
nd 1013/lectures/Math1003-Fall2014/M1003_2014_Fall-pics.pdf>])
\tf@nav=\write10
\tf@toc=\write11
\tf@snm=\write12
 [36

]
Package atveryend Info: Empty hook `BeforeClearDocument' on input line 703.
Package atveryend Info: Empty hook `AfterLastShipout' on input line 703.

("C:\Users\UNBSJ\OneDrive\texed\files\courses\Calculus Slides Latex\Math 1003 a
nd 1013\lectures\Math1003-Fall2014\M1003_2014_Fall.aux")
Package atveryend Info: Executing hook `AtVeryEndDocument' on input line 703.
Package atveryend Info: Executing hook `AtEndAfterFileList' on input line 703.


Package rerunfilecheck Warning: File `M1003_2014_Fall.out' has changed.
(rerunfilecheck)                Rerun to get outlines right
(rerunfilecheck)                or use package `bookmark'.

Package rerunfilecheck Info: Checksums for `M1003_2014_Fall.out':
(rerunfilecheck)             Before: C98AE441AFE444355767FA7F26DA129F;417
(rerunfilecheck)             After:  2A2BB9F800E29C2332E30F0DE7EE46AB;415.
Package atveryend Info: Empty hook `AtVeryVeryEnd' on input line 703.
 ) 
Here is how much of TeX's memory you used:
 40755 strings out of 493921
 853921 string characters out of 3147282
 1169601 words of memory out of 3000000
 42873 multiletter control sequences out of 15000+200000
 89458 words of font info for 135 fonts, out of 3000000 for 9000
 841 hyphenation exceptions out of 8191
 50i,21n,74p,10389b,1108s stack positions out of 5000i,500n,10000p,200000b,50000s
pdfTeX warning (dest): name{Navigation37} has been referenced but does not ex
ist, replaced by a fixed one

pdfTeX warning (dest): name{Navigation80} has been referenced but does not exis
t, replaced by a fixed one

pdfTeX warning (dest): name{Navigation222} has been referenced but does not exi
st, replaced by a fixed one

pdfTeX warning (dest): name{Navigation212} has been referenced but does not exi
st, replaced by a fixed one

pdfTeX warning (dest): name{Navigation210} has been referenced but does not exi
st, replaced by a fixed one

pdfTeX warning (dest): name{Navigation206} has been referenced but does not exi
st, replaced by a fixed one

pdfTeX warning (dest): name{Navigation199} has been referenced but does not exi
st, replaced by a fixed one

pdfTeX warning (dest): name{Navigation187} has been referenced but does not exi
st, replaced by a fixed one

pdfTeX warning (dest): name{Navigation181} has been referenced but does not exi
st, replaced by a fixed one

pdfTeX warning (dest): name{Navigation176} has been referenced but does not exi
st, replaced by a fixed one

pdfTeX warning (dest): name{Navigation169} has been referenced but does not exi
st, replaced by a fixed one

pdfTeX warning (dest): name{Navigation159} has been referenced but does not exi
st, replaced by a fixed one

pdfTeX warning (dest): name{Navigation154} has been referenced but does not exi
st, replaced by a fixed one

pdfTeX warning (dest): name{Navigation149} has been referenced but does not exi
st, replaced by a fixed one

pdfTeX warning (dest): name{Navigation143} has been referenced but does not exi
st, replaced by a fixed one

pdfTeX warning (dest): name{Navigation139} has been referenced but does not exi
st, replaced by a fixed one

pdfTeX warning (dest): name{Navigation128} has been referenced but does not exi
st, replaced by a fixed one

pdfTeX warning (dest): name{Navigation122} has been referenced but does not exi
st, replaced by a fixed one

pdfTeX warning (dest): name{Navigation118} has been referenced but does not exi
st, replaced by a fixed one

pdfTeX warning (dest): name{Navigation63} has been referenced but does not exis
t, replaced by a fixed one

pdfTeX warning (dest): name{Navigation58} has been referenced but does not exis
t, replaced by a fixed one

pdfTeX warning (dest): name{Navigation51} has been referenced but does not exis
t, replaced by a fixed one

pdfTeX warning (dest): name{Navigation47} has been referenced but does not exis
t, replaced by a fixed one

pdfTeX warning (dest): name{Navigation38} has been referenced but does not exis
t, replaced by a fixed one

pdfTeX warning (dest): name{Outline0.2.2.143} has been referenced but does not 
exist, replaced by a fixed one

pdfTeX warning (dest): name{Outline0.2.1.118} has been referenced but does not 
exist, replaced by a fixed one

pdfTeX warning (dest): name{Outline0.1.2.8} has been referenced but does not ex
ist, replaced by a fixed one

pdfTeX warning (dest): name{Outline0.1.1.4} has been referenced but does not ex
ist, replaced by a fixed one

{C:/Program Files/MiKTeX 2.9/fonts/enc/dvips/fontname/8r.enc}<C:/Program Files/
MiKTeX 2.9/fonts/type1/public/amsfonts/cm/cmex10.pfb><C:/Program Files/MiKTeX 2
.9/fonts/type1/public/amsfonts/cm/cmmi10.pfb><C:/Program Files/MiKTeX 2.9/fonts
/type1/public/amsfonts/cm/cmmi7.pfb><C:/Program Files/MiKTeX 2.9/fonts/type1/pu
blic/amsfonts/cm/cmmi8.pfb><C:/Program Files/MiKTeX 2.9/fonts/type1/public/amsf
onts/cm/cmr10.pfb><C:/Program Files/MiKTeX 2.9/fonts/type1/public/amsfonts/cm/c
mr12.pfb><C:/Program Files/MiKTeX 2.9/fonts/type1/public/amsfonts/cm/cmr5.pfb><
C:/Program Files/MiKTeX 2.9/fonts/type1/public/amsfonts/cm/cmr7.pfb><C:/Program
 Files/MiKTeX 2.9/fonts/type1/public/amsfonts/cm/cmr8.pfb><C:/Program Files/MiK
TeX 2.9/fonts/type1/public/amsfonts/cm/cmsy10.pfb><C:/Program Files/MiKTeX 2.9/
fonts/type1/public/amsfonts/cm/cmsy6.pfb><C:/Program Files/MiKTeX 2.9/fonts/typ
e1/public/amsfonts/cm/cmsy7.pfb><C:/Program Files/MiKTeX 2.9/fonts/type1/public
/amsfonts/cm/cmsy8.pfb><C:/Program Files/MiKTeX 2.9/fonts/type1/public/amsfonts
/cm/cmsy9.pfb><C:/Program Files/MiKTeX 2.9/fonts/type1/public/amsfonts/symbols/
msbm10.pfb><C:/Program Files/MiKTeX 2.9/fonts/type1/urw/helvetic/uhvb8a.pfb><C:
/Program Files/MiKTeX 2.9/fonts/type1/urw/helvetic/uhvr8a.pfb><C:/Program Files
/MiKTeX 2.9/fonts/type1/urw/helvetic/uhvro8a.pfb><C:/Program Files/MiKTeX 2.9/f
onts/type1/urw/times/utmr8a.pfb><C:/Program Files/MiKTeX 2.9/fonts/type1/urw/ti
mes/utmri8a.pfb>
Output written on M1003_2014_Fall.pdf (18 pages, 847992 bytes).
PDF statistics:
 1695 PDF objects out of 1728 (max. 8388607)
 105 named destinations out of 1000 (max. 500000)
 255 words of extra memory for PDF output out of 10000 (max. 10000000)

